0
bessel_val: 0.0
loss: 0.012552570551633835
[-0.933806, -2.057514, -0.305334, -1.802917]
[-1.496958, 1.099466, -1.493891, 1.098604]
[-1.532616, -1.530361, -1.531513, -1.53145]
heter_ff: [0.19762]
loss_diff: 9999.9873046875


1
bessel_val: 0.0
loss: 0.01251990720629692
[-0.935009, -2.056293, -0.305812, -1.802463]
[-1.498191, 1.099823, -1.494482, 1.09874]
[-1.533069, -1.5299, -1.531787, -1.531232]
heter_ff: [0.196564]
loss_diff: 4999.99365234375


2
bessel_val: 0.0
loss: 0.012566400691866875
[-0.93219, -2.059265, -0.306687, -1.801599]
[-1.495303, 1.098962, -1.495584, 1.099002]
[-1.531967, -1.531037, -1.532203, -1.530893]
heter_ff: [0.197977]
loss_diff: 3333.3291015625


3
bessel_val: 0.0
loss: 0.012506794184446335
[-0.931393, -2.060076, -0.306991, -1.801298]
[-1.494482, 1.098727, -1.495969, 1.099092]
[-1.531653, -1.531351, -1.53235, -1.530772]
heter_ff: [0.198226]
loss_diff: 2499.996826171875


4
bessel_val: 0.0
loss: 0.012527655810117722
[-0.931061, -2.06042, -0.307982, -1.800315]
[-1.494144, 1.098628, -1.497222, 1.09939]
[-1.531509, -1.531496, -1.53286, -1.530347]
heter_ff: [0.197637]
loss_diff: 1999.9974365234375


5
bessel_val: 0.0
loss: 0.012574266642332077
[-0.931943, -2.059515, -0.309454, -1.798851]
[-1.495051, 1.098892, -1.49907, 1.099832]
[-1.531828, -1.531171, -1.533647, -1.529703]
heter_ff: [0.195672]
loss_diff: 1666.66455078125


6
bessel_val: 0.0
loss: 0.012520980089902878
[-0.933457, -2.058012, -0.308946, -1.799354]
[-1.496604, 1.099333, -1.498418, 1.099677]
[-1.532418, -1.530594, -1.5334, -1.529905]
heter_ff: [0.194641]
loss_diff: 1428.5697021484375


7
bessel_val: 0.0
loss: 0.012555669993162155
[-0.930527, -2.061079, -0.309236, -1.799055]
[-1.493576, 1.098455, -1.498794, 1.099768]
[-1.531269, -1.531753, -1.533505, -1.529816]
heter_ff: [0.196134]
loss_diff: 1249.9984130859375


8
bessel_val: 0.0
loss: 0.012513827532529831
[-0.929075, -2.062556, -0.309491, -1.798796]
[-1.492081, 1.098027, -1.499124, 1.099847]
[-1.530703, -1.532315, -1.533617, -1.529726]
heter_ff: [0.196634]
loss_diff: 1111.1097412109375


9
bessel_val: 0.0
loss: 0.01251525804400444
[-0.930598, -2.061034, -0.309542, -1.79875]
[-1.493644, 1.098471, -1.499181, 1.09986]
[-1.531288, -1.531726, -1.533672, -1.529683]
heter_ff: [0.195709]
loss_diff: 999.9987182617188


10
bessel_val: 0.0
loss: 0.0125168077647686
[-0.929035, -2.062615, -0.309473, -1.798812]
[-1.492042, 1.098004, -1.499098, 1.099842]
[-1.530685, -1.532328, -1.533614, -1.529728]
heter_ff: [0.196623]
loss_diff: 3.5762786865234375e-06


11
bessel_val: 0.0
loss: 0.012504290789365768
[-0.92949, -2.062165, -0.309282, -1.799003]
[-1.492508, 1.098135, -1.498856, 1.099785]
[-1.53086, -1.532157, -1.533522, -1.5298]
heter_ff: [0.196292]
loss_diff: 1.5616417385899695e-06


12
bessel_val: 0.0
loss: 0.012517761439085007
[-0.929228, -2.062428, -0.308582, -1.799682]
[-1.492238, 1.09806, -1.497978, 1.099587]
[-1.530767, -1.532247, -1.533152, -1.530098]
heter_ff: [0.1967]
loss_diff: 4.863925369136268e-06


13
bessel_val: 0.0
loss: 0.012509535998106003
[-0.930137, -2.061517, -0.308899, -1.799376]
[-1.493172, 1.098322, -1.498374, 1.09968]
[-1.531114, -1.531907, -1.533333, -1.529951]
heter_ff: [0.195989]
loss_diff: -2.74181360282455e-07


14
bessel_val: 0.0
loss: 0.012501191347837448
[-0.929808, -2.061852, -0.308995, -1.799282]
[-1.492835, 1.098224, -1.498496, 1.09971]
[-1.530984, -1.532036, -1.533379, -1.529913]
heter_ff: [0.196039]
loss_diff: 2.646446318976814e-06


15
bessel_val: 0.0
loss: 0.012559603899717331
[-0.931378, -2.060316, -0.307619, -1.800622]
[-1.494448, 1.098671, -1.496744, 1.099308]
[-1.531603, -1.531437, -1.532674, -1.530476]
heter_ff: [0.195281]
loss_diff: 1.466274284211977e-06


16
bessel_val: 0.0
loss: 0.012513112276792526
[-0.930108, -2.061621, -0.308052, -1.800186]
[-1.493143, 1.098295, -1.497305, 1.099439]
[-1.531104, -1.531934, -1.532888, -1.530305]
heter_ff: [0.195686]
loss_diff: 7.867812996664725e-07


17
bessel_val: 0.0
loss: 0.012503933161497116
[-0.930388, -2.061339, -0.308322, -1.79992]
[-1.493432, 1.098377, -1.497647, 1.099517]
[-1.53121, -1.531829, -1.533041, -1.530182]
heter_ff: [0.195493]
loss_diff: 5.173683348402847e-06


18
bessel_val: 0.0
loss: 0.012580227106809616
[-0.932609, -2.059097, -0.309474, -1.798791]
[-1.495696, 1.099027, -1.499086, 1.099868]
[-1.532048, -1.530996, -1.533671, -1.529654]
heter_ff: [0.192924]
loss_diff: -6.639957518927986e-06


19
bessel_val: 0.0
loss: 0.012507747858762741
[-0.93293, -2.05878, -0.308992, -1.799259]
[-1.496023, 1.09912, -1.498485, 1.099728]
[-1.532178, -1.530869, -1.533423, -1.529854]
heter_ff: [0.192931]
loss_diff: 7.510185469072894e-07


20
bessel_val: 0.0
loss: 0.012513112276792526
[-0.931563, -2.060166, -0.308847, -1.799394]
[-1.494613, 1.098715, -1.498307, 1.099687]
[-1.531649, -1.531396, -1.533326, -1.52993]
heter_ff: [0.193709]
loss_diff: 3.6954881466044753e-07


21
bessel_val: 0.0
loss: 0.01250762864947319
[-0.93107, -2.060677, -0.308667, -1.799558]
[-1.494105, 1.09857, -1.498082, 1.099637]
[-1.531456, -1.531591, -1.53323, -1.530004]
heter_ff: [0.194082]
loss_diff: -3.337860050578456e-07


22
bessel_val: 0.0
loss: 0.012545060366392136
[-0.928423, -2.063403, -0.308716, -1.799495]
[-1.491382, 1.097776, -1.498154, 1.099657]
[-1.530433, -1.532622, -1.533218, -1.530008]
heter_ff: [0.195524]
loss_diff: -2.7298926852381555e-06


23
bessel_val: 0.0
loss: 0.012502502650022507
[-0.927927, -2.063901, -0.308908, -1.799303]
[-1.490874, 1.09763, -1.498398, 1.099715]
[-1.53024, -1.532815, -1.533312, -1.529932]
heter_ff: [0.195672]
loss_diff: 7.033348197182931e-07


24
bessel_val: 0.0
loss: 0.012552570551633835
[-0.925949, -2.065946, -0.310035, -1.79818]
[-1.488828, 1.097019, -1.499822, 1.100064]
[-1.529453, -1.533621, -1.533874, -1.529474]
heter_ff: [0.195956]
loss_diff: -5.137920652487082e-06


25
bessel_val: 0.0
loss: 0.012533735483884811
[-0.928361, -2.063575, -0.309664, -1.798542]
[-1.491317, 1.097711, -1.499349, 1.099956]
[-1.530405, -1.532696, -1.533722, -1.529598]
heter_ff: [0.194737]
loss_diff: 2.5868416742014233e-06


26
bessel_val: 0.0
loss: 0.012502383440732956
[-0.928518, -2.063418, -0.309565, -1.798638]
[-1.491478, 1.097756, -1.49922, 1.099927]
[-1.530467, -1.532636, -1.533676, -1.529633]
heter_ff: [0.194737]
loss_diff: 1.0728836059570312e-06


27
bessel_val: 0.0
loss: 0.01257176324725151
[-0.927065, -2.06491, -0.311095, -1.797084]
[-1.489992, 1.097315, -1.501162, 1.100394]
[-1.529893, -1.533226, -1.534459, -1.52898]
heter_ff: [0.194114]
loss_diff: -6.7830087573383935e-06


28
bessel_val: 0.0
loss: 0.012501668184995651
[-0.927144, -2.064831, -0.31096, -1.797216]
[-1.490073, 1.097338, -1.500991, 1.100354]
[-1.529926, -1.533194, -1.534392, -1.529034]
heter_ff: [0.194172]
loss_diff: 7.855892363295425e-06


29
bessel_val: 0.0
loss: 0.012584995478391647
[-0.931003, -2.061021, -0.311179, -1.797021]
[-1.494011, 1.098441, -1.501251, 1.100415]
[-1.531411, -1.531736, -1.534558, -1.528902]
heter_ff: [0.191398]
loss_diff: -7.724762326688506e-06


30
bessel_val: 0.0
loss: 0.012504886835813522
[-0.930709, -2.061312, -0.310837, -1.797362]
[-1.493709, 1.098356, -1.500823, 1.100314]
[-1.531303, -1.531839, -1.534378, -1.529048]
heter_ff: [0.1918]
loss_diff: 8.225441092690744e-07


31
bessel_val: 0.0
loss: 0.012518595904111862
[-0.932053, -2.059969, -0.310338, -1.797841]
[-1.495083, 1.098749, -1.500189, 1.100164]
[-1.531829, -1.53132, -1.534144, -1.529239]
heter_ff: [0.191104]
loss_diff: -1.09672544112982e-06


32
bessel_val: 0.0
loss: 0.012529086321592331
[-0.929876, -2.06221, -0.310583, -1.797585]
[-1.492844, 1.098108, -1.500507, 1.10024]
[-1.530982, -1.532164, -1.534238, -1.529162]
heter_ff: [0.192107]
loss_diff: 1.5974045481925714e-06


33
bessel_val: 0.0
loss: 0.012514304369688034
[-0.931398, -2.060695, -0.310351, -1.797813]
[-1.494406, 1.098548, -1.500212, 1.100171]
[-1.531571, -1.531586, -1.534144, -1.529237]
heter_ff: [0.191374]
loss_diff: -1.180172034764837e-06


34
bessel_val: 0.0
loss: 0.012514185160398483
[-0.931526, -2.060562, -0.311036, -1.79714]
[-1.49454, 1.098586, -1.501069, 1.100374]
[-1.531613, -1.531543, -1.53451, -1.52894]
heter_ff: [0.191058]
loss_diff: 3.8385392144846264e-06


35
bessel_val: 0.0
loss: 0.012521814554929733
[-0.933236, -2.058834, -0.31118, -1.797012]
[-1.496294, 1.099089, -1.501243, 1.100412]
[-1.53227, -1.530895, -1.534605, -1.528866]
heter_ff: [0.189428]
loss_diff: 1.1920928955078125e-06


36
bessel_val: 0.0
loss: 0.012526463717222214
[-0.933646, -2.058431, -0.310201, -1.797984]
[-1.496711, 1.099204, -1.500016, 1.100122]
[-1.532441, -1.530732, -1.534097, -1.529278]
heter_ff: [0.189578]
loss_diff: -2.4080277398752514e-06


37
bessel_val: 0.0
loss: 0.012504886835813522
[-0.933323, -2.058762, -0.310576, -1.797615]
[-1.496381, 1.099108, -1.500482, 1.100232]
[-1.53231, -1.530864, -1.534288, -1.52912]
heter_ff: [0.189458]
loss_diff: 6.687641416647239e-06


38
bessel_val: 0.0
loss: 0.012548159807920456
[-0.931112, -2.060979, -0.310015, -1.798163]
[-1.494105, 1.098451, -1.499781, 1.100068]
[-1.531457, -1.531704, -1.533969, -1.529377]
heter_ff: [0.190909]
loss_diff: -4.649162292480469e-06


39
bessel_val: 0.0
loss: 0.01250297948718071
[-0.931296, -2.060792, -0.309834, -1.798337]
[-1.494294, 1.098505, -1.499549, 1.100016]
[-1.531532, -1.531629, -1.533881, -1.529446]
heter_ff: [0.191096]
loss_diff: 8.20159948489163e-06


40
bessel_val: 0.0
loss: 0.012505840510129929
[-0.930368, -2.061736, -0.31005, -1.798118]
[-1.493339, 1.098236, -1.499821, 1.100083]
[-1.531173, -1.531985, -1.533981, -1.529362]
heter_ff: [0.191452]
loss_diff: -9.536743306171047e-08


41
bessel_val: 0.0
loss: 0.012500833719968796
[-0.930134, -2.061973, -0.310105, -1.798063]
[-1.493099, 1.098167, -1.499891, 1.1001]
[-1.531081, -1.532076, -1.534007, -1.52934]
heter_ff: [0.191559]
loss_diff: 1.7762184825187433e-06


42
bessel_val: 0.0
loss: 0.012520503252744675
[-0.931326, -2.060763, -0.310669, -1.797519]
[-1.494332, 1.098518, -1.50059, 1.100266]
[-1.531534, -1.531626, -1.534321, -1.529085]
heter_ff: [0.190354]
loss_diff: 8.583069188716763e-07


43
bessel_val: 0.0
loss: 0.012507867068052292
[-0.932338, -2.059752, -0.310486, -1.797701]
[-1.495367, 1.098813, -1.500354, 1.10021]
[-1.531926, -1.531238, -1.534246, -1.529147]
heter_ff: [0.19]
loss_diff: 6.437301749429025e-07


