#####Forward mode mouse v1 log file#####


Code ran on the 2024-05-20 04:35:27.678774

Run from xNES minima
Device: cuda:0
OS: linux
Machine: cblgpu07


Metadata:
learning rates: [1, 1, 1, 1, 1, 1, 1, 1, 1, 1, 1, 1, 1]

initial params: [tensor(-4.1725, device='cuda:0'), tensor(0.2240, device='cuda:0'), tensor(0.0995, device='cuda:0'), tensor(-2.9038, device='cuda:0'), tensor(2.4789, device='cuda:0'), tensor(-3.7246, device='cuda:0'), tensor(-2.5250, device='cuda:0'), tensor(1.6520, device='cuda:0'), tensor(1.5349, device='cuda:0'), tensor(4.0215, device='cuda:0'), tensor(2.9630, device='cuda:0'), tensor(1.4380, device='cuda:0'), tensor(0.1979, device='cuda:0')]

----------------------------
0
loss: 0.0734749436378479
params: [-4.573025225788031, 0.39920119501902684, 0.26966125939224184, -3.1934022318190025, 2.447342161838104, -3.4016018700519277, -2.1946569659959976, 1.6029481987723238, 1.5300675824747332, 4.0217742415771065, 2.964006517883951, 1.43359564843809, 0.17622514814138412]
----------------------------


1
loss: 0.01442007813602686
params: [-4.578067177567307, 0.4106718956331812, 0.26061027359400213, -3.1743009380614446, 2.4469178888752583, -3.3908851952025367, -2.2094874230426256, 1.6063038343352354, 1.5300546349627284, 4.021776963136319, 2.9639914903339166, 1.4337089225689439, 0.1637592501938343]
----------------------------


2
loss: 0.013416766189038754
params: [-4.58274402761427, 0.42104477275415286, 0.25194390818659484, -3.155833962521522, 2.4465484924070995, -3.3804590101087166, -2.223750460634798, 1.6095221740913666, 1.5300426026370433, 4.021779455799817, 2.9639777161403407, 1.4338168436322618, 0.15162643790245056]
----------------------------


3
loss: 0.012341195717453957
params: [-4.586985268290762, 0.43045327093704566, 0.2436489179003638, -3.1382332138335394, 2.4461987694298375, -3.371024412541993, -2.2372353912543956, 1.6125826502473182, 1.5300314412944163, 4.021781691069038, 2.9639646967673405, 1.43391724008939, 0.14068307913839817]
----------------------------


4
loss: 0.011504997499287128
params: [-4.591110960706745, 0.43943407226606235, 0.2357454742509526, -3.1213355522221016, 2.4458696496071286, -3.362717908314772, -2.2501357120674554, 1.6155145030723042, 1.5300207730470747, 4.021783801163594, 2.9639522870095396, 1.4340142706157664, 0.1305675059556961]
----------------------------


5
loss: 0.010743442922830582
params: [-4.594866523645495, 0.44696925699963197, 0.22808676401336014, -3.1047626856332706, 2.445573739612381, -3.3548705451855136, -2.26234644904998, 1.6183464813300497, 1.530011019348497, 4.021785752976286, 2.96394062371042, 1.4341081878180872, 0.1210254430770874]
----------------------------


6
loss: 0.010067535564303398
params: [-4.598304756577734, 0.4539482754494153, 0.2207557149435979, -3.089278758651583, 2.445294150842027, -3.3476160652668847, -2.273914261462957, 1.6210945050486452, 1.530001861117019, 4.0217874747066, 2.963929364586199, 1.4341977619139967, 0.1116408258676529]
----------------------------


7
loss: 0.009419476613402367
params: [-4.601476754653875, 0.4604217254395686, 0.2136695180292827, -3.0742945607369827, 2.4450331228649236, -3.3409322295071258, -2.285186542871267, 1.62376469092193, 1.5299933768402143, 4.021789140427615, 2.9639186669712734, 1.4342834967562836, 0.1035894937813282]
----------------------------


8
loss: 0.008801385760307312
params: [-4.604435142255996, 0.46617262836798057, 0.20683227947164595, -3.0597854286050485, 2.444797781506576, -3.3347989297205283, -2.295761315825254, 1.6263390786268836, 1.5299853381912571, 4.021790584854245, 2.963908688667522, 1.4343662340131729, 0.09574319049715996]
----------------------------


9
loss: 0.00838889367878437
params: [-4.607194235441883, 0.47161310844375715, 0.20020784067172825, -3.04551701355633, 2.444584616583096, -3.3289121198201252, -2.305957928973109, 1.628833588424427, 1.5299780336118447, 4.021791994016696, 2.9638991458689423, 1.4344476634312329, 0.08847128320485353]
----------------------------


10
loss: 0.007909406907856464
params: [-4.609733062224139, 0.47660436880095824, 0.19374350832958043, -3.0317835222547935, 2.4443738352633306, -3.3234163373442067, -2.315863272848398, 1.6312585205094046, 1.5299710705263196, 4.021793234497552, 2.96388993461938, 1.434525284191072, 0.08142371196299791]
----------------------------


11
loss: 0.0074033173732459545
params: [-4.612074572020818, 0.4812884659345351, 0.187555162256549, -3.0185949384784387, 2.4441872838719507, -3.3189897211001886, -2.325404163191885, 1.6335622935810215, 1.529964649436427, 4.021794344702273, 2.963881141369945, 1.4345986590149138, 0.07485346030443907]
----------------------------


12
loss: 0.006993704941123724
params: [-4.614238802237113, 0.48556813530876264, 0.181575302055071, -3.0057580779856132, 2.444000084614753, -3.314539437155582, -2.33449041258809, 1.6357692437966442, 1.529958598962442, 4.021795385804951, 2.9638728076017804, 1.4346706266248972, 0.06893796008080244]
----------------------------


13
loss: 0.006644091568887234
params: [-4.6162848639168335, 0.48916387933558747, 0.17572315225560486, -2.993121176174848, 2.4438402563313946, -3.3104608282180203, -2.343220945189566, 1.6379290823613382, 1.529952899006351, 4.021796334228925, 2.9638646060632317, 1.4347403508898011, 0.06314268009737134]
----------------------------


14
loss: 0.006395714357495308
params: [-4.618266744432647, 0.4927257253161721, 0.1699690283480686, -2.9807758826380657, 2.443678236675122, -3.3068117771496697, -2.3517492243301574, 1.640066322383759, 1.5299475085422118, 4.021797179914615, 2.9638567331114762, 1.4348074158722326, 0.057649333495646715]
----------------------------


15
loss: 0.006036610808223486
params: [-4.62019817357478, 0.49580838720566556, 0.1644267896394831, -2.968848715684383, 2.4435256196806665, -3.303483396741904, -2.3600189161699716, 1.6420859202996916, 1.529942489854041, 4.0217979855280825, 2.9638493105064816, 1.4348726258492703, 0.05245184851810336]
----------------------------


16
loss: 0.005792892072349787
params: [-4.621890542456557, 0.4989064091655515, 0.15901830049414456, -2.9572744510686086, 2.4433823551439207, -3.3003340277088506, -2.367783513127685, 1.644101991995526, 1.5299381917958117, 4.021798747753082, 2.9638422090126886, 1.4349360259536794, 0.047664386220276356]
----------------------------


17
loss: 0.0054667629301548
params: [-4.623393604774636, 0.5013661848220132, 0.15386016482670128, -2.946230710632174, 2.44325128514124, -3.297303530128084, -2.3754136601675753, 1.6460385424804962, 1.5299340899610643, 4.0217994637457375, 2.963835335499204, 1.4349973100495432, 0.04312603874132037]
----------------------------


18
loss: 0.0052322507835924625
params: [-4.624813540732164, 0.503671122279679, 0.14884274734366953, -2.935213571562438, 2.4431366060520747, -3.2944968156249894, -2.3826884685297016, 1.6479070286520845, 1.529930493841296, 4.021800078523229, 2.9638287285172344, 1.43505635723955, 0.03875100752338767]
----------------------------


19
loss: 0.005009897984564304
params: [-4.62620108075035, 0.5059950407899074, 0.14393820708800376, -2.9246450608214425, 2.4430238847412045, -3.292162719388835, -2.3897565754343275, 1.6497547614642507, 1.5299267792421078, 4.021800606290896, 2.963822256822602, 1.4351131606624719, 0.03484244458377361]
----------------------------


20
loss: 0.004815110005438328
params: [-4.627379075517554, 0.5081998403488748, 0.13913860174078763, -2.9141998394941973, 2.4429274581993456, -3.2898822582525833, -2.3966677423779372, 1.6515182762893936, 1.529923635448161, 4.021801105181653, 2.9638159992162008, 1.4351700089816901, 0.030766344629228115]
----------------------------


21
loss: 0.004612252116203308
params: [-4.628623990119111, 0.5100297967742287, 0.1345320549066764, -2.90421114224848, 2.442834709806856, -3.28783950556197, -2.4032358454753164, 1.6532434156186036, 1.5299206523423736, 4.0218015798157305, 2.963809983619064, 1.4352238978669944, 0.02707828115671873]
----------------------------


22
loss: 0.004419784527271986
params: [-4.629683297835898, 0.5117493225566201, 0.1300431867334646, -2.8944409779822515, 2.4427509891097077, -3.2859359297169073, -2.4097252108369474, 1.6549215781058273, 1.5299177774196169, 4.021801968524387, 2.9638040899028573, 1.4352764413622523, 0.02350755315274]
----------------------------


23
loss: 0.004262648057192564
params: [-4.6307805540372176, 0.5133971560585402, 0.12564639004130185, -2.884923678970902, 2.4426693875497665, -3.2841460811638905, -2.4159847732846145, 1.6565487780396915, 1.529914948292192, 4.021802323509548, 2.9637984250068774, 1.4353273079675588, 0.019710226450115442]
----------------------------


24
loss: 0.004046861082315445
params: [-4.631760728206162, 0.5147381488072775, 0.12135987730879605, -2.875969262010424, 2.4426029067830757, -3.2828326138866766, -2.422157650555343, 1.6580978962381459, 1.5299123527039074, 4.021802665999048, 2.9637930112587645, 1.4353777780550032, 0.01645703800022602]
----------------------------


25
loss: 0.003908174578100443
params: [-4.632617173027855, 0.5157895721799783, 0.11714429596621811, -2.8670457426076816, 2.4425299501594497, -3.2813195185469164, -2.4279022121083442, 1.6596126445590607, 1.529909924201168, 4.021803019059434, 2.9637877534849, 1.4354260684656353, 0.013490828685462475]
----------------------------


26
loss: 0.0037634638138115406
params: [-4.633583716592428, 0.5168698840147905, 0.11309389818642557, -2.858540493211715, 2.442466167507017, -3.2799416493823452, -2.4336332806598846, 1.661081110455384, 1.5299077170157789, 4.021803279350849, 2.9637825314437185, 1.4354728627611208, 0.010473251342773438]
----------------------------


27
loss: 0.0036215130239725113
params: [-4.634181260956128, 0.517921654537981, 0.10921596458364546, -2.8501728476574706, 2.4424084609776844, -3.278644475826405, -2.4390987145927254, 1.6625484147596261, 1.5299061305000423, 4.021803497796356, 2.963777639676443, 1.4355179428191647, 0.007763586239889264]
----------------------------


28
loss: 0.0034888421650975943
params: [-4.634774592365746, 0.5187326292811982, 0.10535274983566523, -2.842221405505209, 2.4423585085018646, -3.2774788844132496, -2.4444618297022287, 1.663941867977669, 1.529904281726961, 4.021803702925497, 2.9637728973518795, 1.4355625065607043, 0.004808906698599458]
----------------------------


29
loss: 0.0033736866898834705
params: [-4.635471830736522, 0.5195889487235896, 0.10167184823375464, -2.834188114068477, 2.4423051939879303, -3.276660244419582, -2.449640140610606, 1.6653038494776091, 1.5299026898602124, 4.021803912956757, 2.963768292031779, 1.435606073110425, 0.002175442175939679]
----------------------------


30
loss: 0.0032720929011702538
params: [-4.635982241957125, 0.5206384915231816, 0.09800880334522843, -2.826658979206352, 2.4422759327421306, -3.2759192988475485, -2.454726800064415, 1.66661355002067, 1.529901347884409, 4.021804161987093, 2.963763909373717, 1.4356492543072406, -0.00036159087903797626]
----------------------------


31
loss: 0.003168903524056077
params: [-4.6365202841215325, 0.5210581347650938, 0.09449939641353011, -2.818920429944067, 2.442237882852577, -3.275160391788341, -2.459627668115169, 1.6679123177680275, 1.529900057616108, 4.021804315980291, 2.9637595287570155, 1.4356894232976216, -0.0027200819458812475]
----------------------------


32
loss: 0.003063228912651539
params: [-4.637067056154509, 0.5214745826392524, 0.09101314076405287, -2.8113340452862965, 2.442195756738737, -3.2742845709168984, -2.4644090418916647, 1.6691932974870405, 1.5298986750468275, 4.0218044617426765, 2.963755360451848, 1.4357281732507132, -0.004979714285582304]
----------------------------


33
loss: 0.002949264831840992
params: [-4.637559519741361, 0.5221808497167282, 0.08768672195446015, -2.804328256434767, 2.4421665516997098, -3.2736861051259263, -2.4689397176009122, 1.6704188736409968, 1.5298975444976195, 4.021804559976403, 2.9637512610554557, 1.435766277237012, -0.007092310115695]
----------------------------


34
loss: 0.0028793991077691317
params: [-4.638026262992669, 0.5226799561946742, 0.08445733345296502, -2.7973928327290403, 2.4421324813296894, -3.2730636163348032, -2.473363783883721, 1.6716473233907572, 1.5298964851873125, 4.0218046511658665, 2.9637473478680993, 1.4358037092886249, -0.009226409252732992]
----------------------------


35
loss: 0.002804654883220792
params: [-4.638379534134318, 0.5232513376117773, 0.08130117391418934, -2.7905841783238636, 2.442108911287004, -3.27288536771328, -2.477742466817469, 1.6727700307753957, 1.529895657273376, 4.021804725542013, 2.9637435781135144, 1.4358399490363396, -0.01141689601354301]
----------------------------


36
loss: 0.0027146702632308006
params: [-4.638551556165938, 0.5235372840265833, 0.07818005724992871, -2.78417428830546, 2.4420798229616127, -3.272491401733242, -2.481984350572199, 1.6738829657922587, 1.5298951075529503, 4.021804846851951, 2.9637398485244892, 1.43587416154583, -0.013240431668236852]
----------------------------


37
loss: 0.0026391465216875076
params: [-4.638730775109169, 0.5239310652555056, 0.07519656561497867, -2.7778601959897267, 2.44205752925286, -3.272229085184045, -2.4860921834808294, 1.6749877802583477, 1.5298942158079472, 4.021804876814174, 2.963736224709698, 1.435907867026576, -0.015112691675312817]
----------------------------


38
loss: 0.002571233781054616
params: [-4.638918172461588, 0.5243591028570287, 0.07235306526717067, -2.7714852501256453, 2.4420410092347526, -3.27209175515116, -2.4900823204990927, 1.6760994860458276, 1.529893526920735, 4.021804960435106, 2.9637326662559706, 1.435941015103485, -0.016822024597786367]
----------------------------


39
loss: 0.002510923193767667
params: [-4.6389836649276806, 0.524554245437225, 0.0695205773431462, -2.765384594592272, 2.442030136865877, -3.2718120484811886, -2.4939002452631, 1.677119464243119, 1.5298928245539019, 4.021805042478463, 2.963729331946076, 1.4359721327589383, -0.018582794698886573]
----------------------------


40
loss: 0.0024358578957617283
params: [-4.639129513302494, 0.524748099066978, 0.06678837819207728, -2.759414162634878, 2.4420164937541347, -3.272057292490609, -2.4976089184385244, 1.6781433302464983, 1.529892036184795, 4.021805055534771, 2.963726061308768, 1.436002562832759, -0.020199986989609897]
----------------------------


41
loss: 0.0023843597155064344
params: [-4.639261176237513, 0.5247015952204444, 0.06409783872958541, -2.75366467904207, 2.442001502633001, -3.2719057392993642, -2.5010744121138457, 1.6791496948360554, 1.5298914090077078, 4.02180502687881, 2.9637229283466757, 1.43603297467303, -0.021727490471675992]
----------------------------


42
loss: 0.0023101472761482
params: [-4.6394733088190225, 0.5247442199920394, 0.06152901800532162, -2.7482191195329713, 2.4419918018460964, -3.271752805073157, -2.5044504559811656, 1.680111037313295, 1.5298910560039376, 4.021805050529168, 2.9637198801367566, 1.4360620112881903, -0.023035020334646106]
----------------------------


43
loss: 0.002261775778606534
params: [-4.6394535864336905, 0.52492864782243, 0.05899933774207056, -2.742727520558058, 2.4419843243590083, -3.2717025591725184, -2.5077968218576614, 1.6810356901630847, 1.5298905581222089, 4.02180500580181, 2.9637169370337295, 1.4360890530831554, -0.02453218074515462]
----------------------------


44
loss: 0.0022295983508229256
params: [-4.639620933575232, 0.5249139782113112, 0.05653342420418084, -2.73756892016065, 2.441986630124528, -3.271560652038425, -2.511073876379848, 1.6819207325249999, 1.529891018802421, 4.021805003914211, 2.963714001808973, 1.4361167957165477, -0.02607338223606348]
----------------------------


45
loss: 0.0021726530976593494
params: [-4.639740618887034, 0.5251083065827467, 0.05415693020630896, -2.7325033495752202, 2.441973042375547, -3.2715625381994693, -2.514295668548763, 1.6827987577787689, 1.529891429654147, 4.021804932680795, 2.963711134060765, 1.4361425665672456, -0.02742759056854993]
----------------------------


46
loss: 0.0021381282713264227
params: [-4.6397930772608635, 0.5252228107142352, 0.05180029293705046, -2.7275253121359335, 2.4419693939775686, -3.271605042830452, -2.5173259966288213, 1.6836056862164377, 1.5298914098385312, 4.0218049155070625, 2.963708436415806, 1.436168826211319, -0.028895462048240006]
----------------------------


47
loss: 0.002086831722408533
params: [-4.639762200890717, 0.5253214935378261, 0.04953005120341003, -2.722825129198848, 2.4419597952796255, -3.27152239877858, -2.520227086472184, 1.6844022618395365, 1.5298915183371564, 4.021804830003618, 2.9637058603780195, 1.4361938442823472, -0.030005484935827553]
----------------------------


48
loss: 0.002054113196209073
params: [-4.639610746245042, 0.5253833354522564, 0.0473807570729059, -2.7182003722144352, 2.4419475483804933, -3.2714779221884607, -2.523102369134173, 1.6851973810487515, 1.5298914292746604, 4.021804784478491, 2.963703344509219, 1.4362181440726587, -0.03136156627442688]
----------------------------


49
loss: 0.0020185429602861404
params: [-4.639602000311159, 0.5252752125102185, 0.04520975637432456, -2.7135263342959868, 2.4419469904382356, -3.271510013818152, -2.52582207319592, 1.6859713946839883, 1.5298915348988276, 4.021804725422357, 2.9637009625435047, 1.436241173075136, -0.03259034326765686]
----------------------------


50
loss: 0.0019809002988040447
params: [-4.639794832862124, 0.5252312141542412, 0.043168900322134496, -2.7092152677094625, 2.4419546188359607, -3.2716755753814875, -2.5286046201110337, 1.686726500142654, 1.5298917138525967, 4.02180466924358, 2.9636985730139775, 1.436264251103016, -0.03376137337181717]
----------------------------


51
loss: 0.0019472832791507244
params: [-4.639637273396973, 0.5249873656152837, 0.041122187880764605, -2.7051372790327357, 2.4419501696169834, -3.2719195243868677, -2.531245959431723, 1.687430406666649, 1.529891944208278, 4.021804679509473, 2.963696260880403, 1.4362867976003642, -0.03489092201925814]
----------------------------


52
loss: 0.00191835209261626
params: [-4.639467912910648, 0.5249312753162436, 0.03918649037085742, -2.7011412178715752, 2.44194714315331, -3.271995907273486, -2.5338396541521404, 1.6881319556639618, 1.5298923058272367, 4.021804577595021, 2.9636940775149077, 1.4363075069602516, -0.03607747529167682]
----------------------------


53
loss: 0.0018907688790932298
params: [-4.639390103470676, 0.5246855804302819, 0.03732613709006727, -2.697363961636095, 2.4419404002396266, -3.2721231012571304, -2.5363331129521582, 1.6887994548094547, 1.5298923721744204, 4.021804537445804, 2.9636919317099517, 1.4363284445796622, -0.037187131703831255]
----------------------------


54
loss: 0.0018648820696398616
params: [-4.639229320930925, 0.5245186839324512, 0.0355054456945163, -2.6935541943265187, 2.441926358325371, -3.272306209519848, -2.538684204893977, 1.6894594821867621, 1.5298925782706947, 4.021804472715076, 2.9636897567970726, 1.4363487184061838, -0.038305285037495196]
----------------------------


55
loss: 0.001848816405981779
params: [-4.6390032431326365, 0.5244833765623249, 0.03369764042735368, -2.6897079531652914, 2.441918323609069, -3.272318471894942, -2.5409144554034326, 1.6901013817194006, 1.5298928410253056, 4.021804410769534, 2.963687771009524, 1.4363685273390316, -0.03943575301673263]
----------------------------


56
loss: 0.0018099357839673758
params: [-4.638896779632804, 0.5242755121739671, 0.031965699882211984, -2.6858963816510575, 2.4419096205014728, -3.2724631492480336, -2.543137185715929, 1.6907073945410638, 1.529892933371305, 4.021804362972319, 2.9636858513279156, 1.4363872247420246, -0.04050832346547395]
----------------------------


57
loss: 0.0017955114599317312
params: [-4.638930850322966, 0.5240069000587888, 0.03031651037462324, -2.682569880885078, 2.4419058776906684, -3.2727885131923182, -2.545285978794888, 1.6912762137151411, 1.5298931508001106, 4.021804341406068, 2.963683956318511, 1.4364059927781951, -0.04139231884619221]
----------------------------


58
loss: 0.0017691662069410086
params: [-4.6386813419621, 0.5237540911489256, 0.0287713237544176, -2.6791978095742004, 2.441907148545805, -3.273161078485537, -2.547417855097771, 1.6918609535575933, 1.5298930205531933, 4.021804250731479, 2.963682136515451, 1.4364237105808157, -0.04224728170083836]
----------------------------


59
loss: 0.0017651772359386086
params: [-4.638738736694821, 0.5235272269651383, 0.02716339626066655, -2.6759109139991986, 2.441915590828511, -3.273164454180624, -2.5493880579926524, 1.6924488690936095, 1.5298930023651183, 4.021804209707626, 2.963680331189045, 1.4364413873179316, -0.04323112923884764]
----------------------------


60
loss: 0.0017407669220119715
params: [-4.638689773632821, 0.5235418693350717, 0.025623874875682295, -2.672826283526613, 2.441913206249818, -3.273223732978914, -2.551295708024733, 1.6930139397525317, 1.5298933544118727, 4.0218041127985495, 2.963678643440182, 1.436457686046883, -0.04405404854333028]
----------------------------


61
loss: 0.0017239858862012625
params: [-4.638771861976155, 0.5234340768379249, 0.024196874952840508, -2.6697511956179576, 2.4419209253569067, -3.2732914723771325, -2.5532707884887684, 1.6935183150715283, 1.5298936138570598, 4.021804065769374, 2.963676965810584, 1.4364740549306176, -0.04512605263153091]
----------------------------


62
loss: 0.0017026199493557215
params: [-4.638759939417385, 0.5231551355404869, 0.022770625908824504, -2.6667356299320297, 2.441917844672797, -3.2736230082543267, -2.5550011186607633, 1.6940288953271783, 1.529894238843288, 4.0218040016406755, 2.963675364038301, 1.4364905008121738, -0.04591925645945594]
----------------------------


63
loss: 0.0016874436987563968
params: [-4.638608477262922, 0.5228638258135967, 0.02133284953605652, -2.663867424390285, 2.441912217843718, -3.273665062881883, -2.556768747021303, 1.6945305021734065, 1.529894491022067, 4.021803947379326, 2.963673816419379, 1.4365057081220172, -0.04691872949479148]
----------------------------


64
loss: 0.001671194564551115
params: [-4.638486228543941, 0.5225736213919796, 0.020023775191011728, -2.6609568897718625, 2.441916500952583, -3.273579727831639, -2.558447561783575, 1.695046129149673, 1.529894893049648, 4.021803895356386, 2.9636723764678043, 1.4365190053420107, -0.04787287081126124]
----------------------------


65
loss: 0.0016654818318784237
params: [-4.638113345640621, 0.5225879375079736, 0.018741128171759547, -2.6581472544083433, 2.4419431797318327, -3.273956402352888, -2.5598783648785655, 1.6954835066651548, 1.5298958566530318, 4.021803866807958, 2.963670936619457, 1.436533889865818, -0.0488225428853184]
----------------------------


66
loss: 0.0016450142720714211
params: [-4.637856184369328, 0.5225241210150622, 0.01755951218955487, -2.6555673642167883, 2.441944098728935, -3.2742899242754726, -2.5613992674954686, 1.6959286407006993, 1.529896276630173, 4.021803794711745, 2.963669527049439, 1.4365477930512085, -0.04957249795552343]
----------------------------


67
loss: 0.0016422451008111238
params: [-4.6378838541958505, 0.5224615439378746, 0.016350720913114847, -2.652889565479948, 2.441943967121414, -3.2746291521786413, -2.562962086380318, 1.6963839505995246, 1.5298968633400891, 4.02180372704099, 2.963668183257375, 1.4365616479788101, -0.050486759399063885]
----------------------------


68
loss: 0.001622025272808969
params: [-4.637792243195607, 0.5222679523008034, 0.01516488138303429, -2.650606055193587, 2.4419428376272196, -3.2747462137801273, -2.564279901304141, 1.6968086372151128, 1.5298970278340294, 4.021803696897821, 2.963666957853099, 1.4365742817769884, -0.05131506186444312]
----------------------------


69
loss: 0.0016146893613040447
params: [-4.637504198016275, 0.5221016288573943, 0.013946858837234677, -2.648060383190407, 2.4419502816958345, -3.275177541336853, -2.5657610003583584, 1.6972051223645075, 1.5298972609299044, 4.021803652189505, 2.963665786475082, 1.4365858451626579, -0.05224518431350589]
----------------------------


70
loss: 0.0016076284227892756
params: [-4.637384891374412, 0.5222097219971098, 0.012854132356087566, -2.6456528002480106, 2.441945301721215, -3.27541209044528, -2.5671897248577777, 1.6975953899752902, 1.5298981132402405, 4.021803593213421, 2.9636645609864507, 1.4365972690563964, -0.052939606946893036]
----------------------------


71
loss: 0.0016008701641112566
params: [-4.637265635460524, 0.5219935363288593, 0.011773708413320483, -2.6433580819601254, 2.441949690768023, -3.2755343090709, -2.5684648512144093, 1.697964625615682, 1.5298984999229406, 4.0218035595697765, 2.963663422956194, 1.436608462735198, -0.053681210963986814]
----------------------------


72
loss: 0.0015804212307557464
params: [-4.6372557397507155, 0.521860231064688, 0.010821256865247042, -2.641403105490847, 2.441950986656092, -3.2755469726714006, -2.56974708169964, 1.698316021248288, 1.529899034435478, 4.0218035202681515, 2.9636622303874054, 1.4366188666142576, -0.05435721384128556]
----------------------------


73
loss: 0.0015743323601782322
params: [-4.637271880473152, 0.5216393633177128, 0.009860976095742435, -2.639334209644242, 2.4419578033297955, -3.275604042721789, -2.57087894689557, 1.6986643096977467, 1.5298993456472845, 4.02180348255061, 2.9636611373561044, 1.4366295442948782, -0.055202781630214304]
----------------------------


74
loss: 0.0015726634301245213
params: [-4.637167510586467, 0.5212734605024658, 0.008904342036194057, -2.637270172740339, 2.4419749825623955, -3.275406427887611, -2.5720839274328653, 1.6989818721565506, 1.5298995171369443, 4.021803428954969, 2.9636600963259587, 1.4366388645901267, -0.05586989567382261]
----------------------------


75
loss: 0.0015656576724722981
params: [-4.637048656538271, 0.5213468415618032, 0.007923679970635922, -2.635523110543384, 2.441966708474364, -3.2753069263150616, -2.5733241474701543, 1.6992957274276386, 1.5299000124864124, 4.021803377462114, 2.963659228695014, 1.4366493831228169, -0.05685511644696817]
----------------------------


76
loss: 0.0015554147539660335
params: [-4.636995798219603, 0.5210271190458067, 0.007081463196745963, -2.6336552620949285, 2.441961425587077, -3.275774822019849, -2.574417129948594, 1.6995824978300924, 1.529900555315483, 4.021803357814215, 2.9636582257667845, 1.4366584826755158, -0.05747059447458014]
----------------------------


77
loss: 0.0015545436181128025
params: [-4.63708772653891, 0.5207267333475962, 0.006118397307081969, -2.6320251119639786, 2.4419733233020895, -3.275608456317678, -2.5755733833395396, 1.6998738499903674, 1.529900655262698, 4.021803323420223, 2.96365728301999, 1.4366676482120553, -0.05835242156172171]
----------------------------


78
loss: 0.001547501073218882
params: [-4.637008539992992, 0.5205791750936393, 0.005153414639144094, -2.6302202463001074, 2.4419805297888604, -3.2757473406697324, -2.5766293997623477, 1.700159026929, 1.5299009399019114, 4.021803277845138, 2.9636563609592548, 1.4366756644165022, -0.05904823407763615]
----------------------------


79
loss: 0.0015458872076123953
params: [-4.6369054890919035, 0.5207179886069704, 0.004397567905916722, -2.628491040118045, 2.441989243999568, -3.2758566104191056, -2.577668180081852, 1.7004165176556534, 1.5299009779339103, 4.021803233322566, 2.963655447562707, 1.436683877031787, -0.05992761632660404]
----------------------------


80
loss: 0.0015377717791125178
params: [-4.636855904575812, 0.520682352538183, 0.0036407268694256256, -2.6270760151408674, 2.442000131056783, -3.276005745140247, -2.5786111287054125, 1.7006775198758668, 1.5299011954107486, 4.0218032330739755, 2.963654519905112, 1.436691985908287, -0.06067568901926279]
----------------------------


81
loss: 0.0015329484594985843
params: [-4.636842261456794, 0.5207066278103363, 0.0029140646424730132, -2.6254950911123367, 2.4419925866618075, -3.2760714163911695, -2.5795946841573794, 1.700948703459985, 1.5299012445446083, 4.021803167959555, 2.9636536421751947, 1.4366998227385508, -0.061490733991377056]
----------------------------


82
loss: 0.001526080071926117
params: [-4.636662760992211, 0.5206513818425216, 0.0022011433816169212, -2.624016698714352, 2.442013201239614, -3.2759692822025324, -2.580581985970818, 1.7011975491848397, 1.5299009753965906, 4.021803131503803, 2.9636529801956106, 1.4367079342089297, -0.06218791118590161]
----------------------------


83
loss: 0.0015241544460877776
params: [-4.636559997666071, 0.5206059452916585, 0.00146442531558022, -2.6223028600532623, 2.4420108839016836, -3.2763307470328806, -2.5816218199654, 1.7014338593660476, 1.5299010935500705, 4.021803086139593, 2.9636522371430436, 1.4367149233160077, -0.06278831843519583]
----------------------------


84
loss: 0.001518377335742116
params: [-4.6366067948501115, 0.52034909572239, 0.0007998469723042856, -2.621050521530217, 2.442002773784633, -3.27635074695234, -2.5825192336671505, 1.7016728706446564, 1.529901034010341, 4.021803031056099, 2.963651516229908, 1.436722350385257, -0.06348603125661612]
----------------------------


85
loss: 0.0015142600750550628
params: [-4.636513789281624, 0.5202183585947702, 0.00016438846659183604, -2.6195678380634697, 2.442011998283714, -3.276487052705016, -2.5833779471906353, 1.7018864135395824, 1.529901218660048, 4.02180297585348, 2.9636508582957566, 1.4367294242858903, -0.06422631692839786]
----------------------------


86
loss: 0.0015125820646062493
params: [-4.636506699879563, 0.5200685642644154, -0.0004977410221818079, -2.6183620419204297, 2.4420108908393092, -3.2765092455981, -2.584108100131013, 1.7021294243247802, 1.5299011112617977, 4.021802929491849, 2.96365010665017, 1.436734646316158, -0.06504346348810941]
----------------------------


87
loss: 0.0015084462938830256
params: [-4.636534353466148, 0.5199707861916019, -0.0010950103546838452, -2.6170857132263543, 2.4420081379079863, -3.276485973651398, -2.584891743816294, 1.7023431535278768, 1.529901935703056, 4.021802905221457, 2.9636495201244264, 1.4367416945663123, -0.06572501006303355]
----------------------------


88
loss: 0.0015043473104014993
params: [-4.6364575399155985, 0.5198191841059221, -0.0017091177665042867, -2.6157316707857015, 2.4419971647716454, -3.276775704815628, -2.585659441396453, 1.7025317778686848, 1.5299022635615147, 4.021802835841293, 2.9636490034386105, 1.436748696796944, -0.06640284281456843]
----------------------------


89
loss: 0.0015010370407253504
params: [-4.6363185226172465, 0.5198193166738698, -0.0022248762338767936, -2.6146128548160257, 2.4420006054992416, -3.276838572727393, -2.586435912617341, 1.7027590693549108, 1.5299025718391208, 4.021802785927389, 2.9636485064341462, 1.436754710419568, -0.06719483237247914]
----------------------------


90
loss: 0.0015037055127322674
params: [-4.636334444580742, 0.5197698798451662, -0.002776420305517613, -2.6135311376154484, 2.4419986082052207, -3.2768187979260626, -2.5870593227775287, 1.7029501014556125, 1.5299029270150486, 4.021802731232509, 2.9636480878643914, 1.4367601371443512, -0.06780973070999607]
----------------------------


91
loss: 0.0014986711321398616
params: [-4.636121261641991, 0.5193532325515613, -0.0033677341794009497, -2.612578006609349, 2.442009620485304, -3.2768673458801283, -2.5876442365444716, 1.7031505285347202, 1.5299026513752283, 4.021802726291189, 2.9636474711246086, 1.4367650741276108, -0.06858130864566192]
----------------------------


92
loss: 0.0014934167265892029
params: [-4.636217019123167, 0.5191697050481658, -0.003899697019287496, -2.6117196943694787, 2.4420201027082373, -3.2769109724346714, -2.588255378683422, 1.7033263086857595, 1.529902919324532, 4.021802692282699, 2.9636469698810464, 1.4367702150414103, -0.06913559086387977]
----------------------------


93
loss: 0.0014918303349986672
params: [-4.636178280804332, 0.519395929471552, -0.0044074218981313695, -2.6106490512928056, 2.44201553062744, -3.276782442090444, -2.5888044347850125, 1.7034586821907987, 1.5299031925814761, 4.021802714707516, 2.9636465497154694, 1.4367757431784909, -0.0698329841834493]
----------------------------


94
loss: 0.0014907666482031345
params: [-4.6359051425487525, 0.5192242963835221, -0.0047989022946330895, -2.609548772367655, 2.442023218373332, -3.2768807160779767, -2.589450848321755, 1.703601827838397, 1.5299035090937894, 4.021802670733135, 2.9636460351400222, 1.436779650471412, -0.07041538081830367]
----------------------------


95
loss: 0.0014884191332384944
params: [-4.635883560836108, 0.5191094274136909, -0.005240144944318681, -2.6088392823319944, 2.442027784385981, -3.277135404134861, -2.5900367778123807, 1.70374395409523, 1.5299041915800915, 4.021802682094575, 2.9636455626425464, 1.4367832872540063, -0.07112611446063966]
----------------------------


96
loss: 0.0014858607901260257
params: [-4.635860868404878, 0.5188883449968622, -0.00561010201045975, -2.607909462446353, 2.442038072208969, -3.277294578455149, -2.590649378577106, 1.7039381718430058, 1.529904359091991, 4.021802588662902, 2.9636451823476255, 1.4367871915555994, -0.07178231200668961]
----------------------------


97
loss: 0.0014835315523669124
params: [-4.635930560990262, 0.5187753399673007, -0.0060758747072304775, -2.6073225437747376, 2.4420333674401706, -3.2774299922190773, -2.5912016328404177, 1.7040943452964392, 1.529904214769279, 4.021802514849086, 2.963644754892278, 1.4367920862409889, -0.07238457561470568]
----------------------------


98
loss: 0.0014820368960499763
params: [-4.635990586680153, 0.5188861609435613, -0.006465004212723224, -2.6066105743255528, 2.442024356281262, -3.277584991944132, -2.5916570874143843, 1.7042186181286205, 1.5299046533780443, 4.021802484609336, 2.9636444259936416, 1.4367961772277382, -0.0730402750778012]
----------------------------


99
loss: 0.0014834031462669373
params: [-4.635900781383414, 0.5188896774720839, -0.006854586923063843, -2.6056929024369517, 2.442018022471483, -3.2777056959409316, -2.5921930235092048, 1.7043565795982112, 1.5299047005091113, 4.021802476224043, 2.9636439730265414, 1.4368001343946204, -0.07376447116257623]
----------------------------


100
loss: 0.0014812024310231209
params: [-4.636075286393778, 0.5189631009502542, -0.007189982666668593, -2.6048946188846664, 2.4420203533663414, -3.2776209079990446, -2.592796796325453, 1.704481759407613, 1.5299055684686111, 4.021802408932541, 2.9636435546528395, 1.4368049314803144, -0.07439600274665281]
----------------------------


101
loss: 0.0014843110693618655
params: [-4.636144535203956, 0.5188793089778252, -0.007572446405456512, -2.604085378962575, 2.4420214174269392, -3.277729591182543, -2.5933675582966287, 1.7046069115538238, 1.5299050537604915, 4.02180224419767, 2.963643166830315, 1.4368088226897313, -0.0752375092706643]
----------------------------


102
loss: 0.0014758838806301355
params: [-4.636082225882008, 0.5188129332323066, -0.007894358751864283, -2.6032803719015853, 2.4420063102397296, -3.278057165184401, -2.593733362333475, 1.704711225124597, 1.5299049908672275, 4.021802191552401, 2.963642851777485, 1.4368122804871788, -0.07590431498829275]
----------------------------


103
loss: 0.0014786715619266033
params: [-4.636068325295954, 0.5188123498023693, -0.008306528595776408, -2.6026725893924074, 2.44201514975607, -3.2780610061551494, -2.5941290980883394, 1.7047884801802546, 1.5299055275746598, 4.021802144814957, 2.9636425590453035, 1.4368153331297477, -0.07640691223787144]
----------------------------


104
loss: 0.0014775344170629978
params: [-4.636285053663331, 0.5185884659817881, -0.008675553233397304, -2.602004625284119, 2.4420254911755808, -3.27821777747402, -2.594610596283198, 1.704935268637896, 1.5299055107656914, 4.0218021367591374, 2.963642199535463, 1.4368183941842332, -0.07702679990325123]
----------------------------


105
loss: 0.001475342782214284
params: [-4.6364003103034594, 0.5184705110382262, -0.008991235672065168, -2.601357897891669, 2.4420327769561925, -3.2784071981974927, -2.594956152523261, 1.7050691476695328, 1.5299058441012976, 4.021802082389356, 2.9636419994214043, 1.4368213687562317, -0.07761508942348883]
----------------------------


106
loss: 0.0014708220260217786
params: [-4.636352374992301, 0.5184145688776831, -0.009218015163705795, -2.6008675934015835, 2.442039939680807, -3.2786515496797444, -2.595243677355208, 1.705150101909353, 1.5299068044660844, 4.021802038756248, 2.963641701949789, 1.4368219427814821, -0.0781931976089254]
----------------------------


107
loss: 0.001471583149395883
params: [-4.636307989617224, 0.5181578296701397, -0.00941212828321114, -2.6003326329253675, 2.4420582743845887, -3.278865734285028, -2.5955939756569903, 1.7052630091864238, 1.5299066501790906, 4.021801935925857, 2.963641390618128, 1.4368258438439099, -0.07882695971056819]
----------------------------


108
loss: 0.0014747192617505789
params: [-4.636296990974104, 0.517937510268434, -0.009700392701697647, -2.599707010699442, 2.442044064569426, -3.278877320127031, -2.5958215309985433, 1.705356170700511, 1.5299072353142167, 4.021801897333623, 2.9636411875512527, 1.436827489540694, -0.07944733038311824]
----------------------------


Early stopping
109
loss: 0.00147315114736557
params: [-4.636323541407281, 0.5175954688979751, -0.010010095234529226, -2.599019325195352, 2.4420301378317606, -3.278922810469049, -2.5961077559661105, 1.705411135758154, 1.5299075202357715, 4.02180187254761, 2.9636408799958422, 1.4368300257037319, -0.08012330526253209]
----------------------------


110
loss: 0.0014756637392565608
params: [-4.636324773885379, 0.5173959216858699, -0.010249767053674086, -2.5983877404094735, 2.442025829748171, -3.2790473966912765, -2.5963993105435264, 1.7054625424141385, 1.5299077119719344, 4.021801815600431, 2.9636407741714725, 1.4368326515024747, -0.08083740092115477]
----------------------------


Early stopping
111
loss: 0.0014695932622998953
params: [-4.636239377637056, 0.5174435032326934, -0.010530951441533043, -2.597956752698176, 2.4420243198132527, -3.279116443506319, -2.596850127684044, 1.7055798527369597, 1.5299079437092518, 4.021801756590858, 2.963640627624648, 1.4368345160021974, -0.0814226969378069]
----------------------------


112
loss: 0.0014688321389257908
params: [-4.6360164322549355, 0.5172817409706973, -0.010787916611216142, -2.5974062441990307, 2.4420292432809663, -3.2790870953564815, -2.5971525319075197, 1.7056267216910463, 1.5299082866068021, 4.0218017425414905, 2.963640434449423, 1.4368359430769189, -0.08196795341791585]
----------------------------


Early stopping
113
loss: 0.0014698683517053723
params: [-4.63607645343737, 0.5173072895936408, -0.011075163094128593, -2.5966466518028235, 2.442024469263696, -3.279163070018222, -2.5974424522466477, 1.7057320793399093, 1.5299086065589096, 4.021801715065339, 2.9636402263396127, 1.4368376836474155, -0.08261007809778675]
----------------------------


Early stopping
114
loss: 0.0014660903252661228
params: [-4.636296100147691, 0.5173196187765776, -0.011267099218011944, -2.596351244227501, 2.4420385009033896, -3.2789589410337436, -2.59763675096128, 1.7057567226882064, 1.5299085180252847, 4.021801683824662, 2.9636399413275063, 1.4368401243598938, -0.08300056221196428]
----------------------------


115
loss: 0.0014668055810034275
params: [-4.6361759330874595, 0.517283316877633, -0.011400266180780827, -2.5957982317511985, 2.4420418329998017, -3.2790841176853798, -2.5979148510416024, 1.7058272949659703, 1.5299091211257734, 4.021801687125653, 2.9636397572535946, 1.4368420315295836, -0.08349086961243302]
----------------------------


Early stopping
116
loss: 0.0014649257063865662
params: [-4.636137193109706, 0.5171558580345796, -0.011629459049354418, -2.5952797240195857, 2.442046212237709, -3.279137223957769, -2.5980342353906933, 1.7058917988622533, 1.529908888635167, 4.0218016669941585, 2.9636395488158263, 1.4368429725278744, -0.08395603677490726]
----------------------------


Early stopping
117
loss: 0.0014629452489316463
params: [-4.636125262279991, 0.5172623558187248, -0.011764057076570689, -2.595022512253147, 2.4420448727341397, -3.2794535145209744, -2.5982459473636452, 1.7059758556286078, 1.5299086229543137, 4.021801653406463, 2.9636393241104377, 1.4368444006770502, -0.08449426526203752]
----------------------------


Early stopping
time taken: 27065.206771612167
number of iterations: 118
average time per iter: 229.36615908145905
