#### Mouse V1 Project log file ####

Code ran on the 2024-05-07 22:01:27.207044

Device: cuda:0
OS: linux
Machine: cblgpu06
Trainer type: xNES

NES with JSD

Metadata:
Number of neurons: 1000
Number of feedforward neurons: 100
Number of Euler steps: 300
Record average step after 280 steps
Average step weighting: 0.1
Valid weight weighting: 100000.0

Max_number of xNES optimisation step: 200
Min_number of xNES optimisation step: 20
Stopping criterion step condition for xNES optimisation: 1e-07
Stopping criterion step tolerance: 2
Number of samples per optimisation step: 24
Number of trials per full simulation: 1
Alpha for important mixing: 0.10000000149011612
Learning Rates: eta_delta=1, eta_sigma=0.08, eta_B=0.08
adaptive_lr: False
beta: 0.20000000298023224
---------------------------------------------------

Initial parameters
J
tensor([-1.7346, -2.5867, -1.3863, -3.1781], device='cuda:0')
P
tensor([-1.2657, -0.6190, -1.2657, -0.6190], device='cuda:0')
w
tensor([-1.0986, -1.0986, -1.0986, -1.0986], device='cuda:0')

Covariance Matrix
tensor([[0.1000, 0.0000, 0.0000, 0.0000, 0.0000, 0.0000, 0.0000, 0.0000, 0.0000,
         0.0000, 0.0000, 0.0000],
        [0.0000, 0.1000, 0.0000, 0.0000, 0.0000, 0.0000, 0.0000, 0.0000, 0.0000,
         0.0000, 0.0000, 0.0000],
        [0.0000, 0.0000, 0.1000, 0.0000, 0.0000, 0.0000, 0.0000, 0.0000, 0.0000,
         0.0000, 0.0000, 0.0000],
        [0.0000, 0.0000, 0.0000, 0.1000, 0.0000, 0.0000, 0.0000, 0.0000, 0.0000,
         0.0000, 0.0000, 0.0000],
        [0.0000, 0.0000, 0.0000, 0.0000, 0.1000, 0.0000, 0.0000, 0.0000, 0.0000,
         0.0000, 0.0000, 0.0000],
        [0.0000, 0.0000, 0.0000, 0.0000, 0.0000, 0.1000, 0.0000, 0.0000, 0.0000,
         0.0000, 0.0000, 0.0000],
        [0.0000, 0.0000, 0.0000, 0.0000, 0.0000, 0.0000, 0.1000, 0.0000, 0.0000,
         0.0000, 0.0000, 0.0000],
        [0.0000, 0.0000, 0.0000, 0.0000, 0.0000, 0.0000, 0.0000, 0.1000, 0.0000,
         0.0000, 0.0000, 0.0000],
        [0.0000, 0.0000, 0.0000, 0.0000, 0.0000, 0.0000, 0.0000, 0.0000, 0.1000,
         0.0000, 0.0000, 0.0000],
        [0.0000, 0.0000, 0.0000, 0.0000, 0.0000, 0.0000, 0.0000, 0.0000, 0.0000,
         0.1000, 0.0000, 0.0000],
        [0.0000, 0.0000, 0.0000, 0.0000, 0.0000, 0.0000, 0.0000, 0.0000, 0.0000,
         0.0000, 0.1000, 0.0000],
        [0.0000, 0.0000, 0.0000, 0.0000, 0.0000, 0.0000, 0.0000, 0.0000, 0.0000,
         0.0000, 0.0000, 0.1000]], device='cuda:0')

---------------------------------------------------


ITERATION: 0
Number of samples reused: 0
Mean: tensor([-1.7346, -2.5867, -1.3863, -3.1781, -1.2657, -0.6190, -1.2657, -0.6190,
        -1.0986, -1.0986, -1.0986, -1.0986], device='cuda:0')
Mean loss: 0.029775500297546387
MMD Mean loss: 0.029775500297546387
Avg loss 111321.5625
Min loss 0.01329892873764038
Max loss 364451.6875
Avg_accepted loss 0.02872864529490471
Min_accepted loss 0.01329892873764038
Max_accepted loss 0.042961716651916504
Rejected 21


ITERATION: 1
Number of samples reused: 9
Mean: tensor([-1.8355, -2.6874, -1.3261, -3.0154, -1.3395, -0.6265, -1.1622, -0.3174,
        -1.1006, -1.2542, -0.9586, -1.0283], device='cuda:0')
Mean loss: 0.03463798761367798
MMD Mean loss: 0.03463798761367798
Avg loss 53491.5625
Min loss 0.01175391674041748
Max loss 399620.53125
Avg_accepted loss 0.03275182098150253
Min_accepted loss 0.01175391674041748
Max_accepted loss 0.07043981552124023
Rejected 12


ITERATION: 2
Number of samples reused: 2
Mean: tensor([-2.0523, -2.8684, -1.3349, -3.0365, -1.4616, -0.5184, -1.3146, -0.1037,
        -1.0350, -1.3485, -0.9800, -1.0574], device='cuda:0')
Mean loss: 0.026680588722229004
MMD Mean loss: 0.026680588722229004
Avg loss 20353.3125
Min loss 0.008215785026550293
Max loss 193188.1875
Avg_accepted loss 0.021781522780656815
Min_accepted loss 0.008215785026550293
Max_accepted loss 0.04755806922912598
Rejected 10


ITERATION: 3
Number of samples reused: 7
Mean: tensor([-2.1325, -2.8019, -1.5729, -2.9113, -1.4464, -0.4291, -1.3416, -0.1236,
        -1.0855, -1.4134, -0.9689, -1.0736], device='cuda:0')
Mean loss: 0.014599859714508057
MMD Mean loss: 0.014599859714508057
Avg loss 25051.984375
Min loss 0.008215785026550293
Max loss 193188.1875
Avg_accepted loss 0.018290365114808083
Min_accepted loss 0.008215785026550293
Max_accepted loss 0.031103074550628662
Rejected 13


ITERATION: 4
Number of samples reused: 4
Mean: tensor([-2.0387, -2.7734, -1.6797, -2.7520, -1.5469, -0.4142, -1.4329, -0.0885,
        -1.2536, -1.4151, -0.9397, -1.0157], device='cuda:0')
Mean loss: 0.011288344860076904
MMD Mean loss: 0.011288344860076904
Avg loss 28931.16796875
Min loss 0.009641706943511963
Max loss 95931.390625
Avg_accepted loss 0.016031283885240555
Min_accepted loss 0.009641706943511963
Max_accepted loss 0.022829294204711914
Rejected 15


ITERATION: 5
Number of samples reused: 5
Mean: tensor([-2.1110, -2.8505, -1.6321, -2.6364, -1.7295, -0.4136, -1.3050,  0.0649,
        -1.2471, -1.4223, -0.9462, -0.9762], device='cuda:0')
Mean loss: 0.010899543762207031
MMD Mean loss: 0.010899543762207031
Avg loss 7517.138671875
Min loss 0.007888317108154297
Max loss 112736.109375
Avg_accepted loss 0.01805475354194641
Min_accepted loss 0.007888317108154297
Max_accepted loss 0.034787893295288086
Rejected 8


ITERATION: 6
Number of samples reused: 3
Mean: tensor([-2.2165, -2.9089, -1.6359, -2.5944, -1.7203, -0.3610, -1.3735,  0.0203,
        -1.2802, -1.2183, -0.9948, -1.0189], device='cuda:0')
Mean loss: 0.009922206401824951
MMD Mean loss: 0.009922206401824951
Avg loss 6362.3974609375
Min loss 0.006810486316680908
Max loss 35749.078125
Avg_accepted loss 0.010962617583572865
Min_accepted loss 0.006810486316680908
Max_accepted loss 0.02052009105682373
Rejected 9


ITERATION: 7
Number of samples reused: 4
Mean: tensor([-2.2687, -2.9230, -1.8007, -2.5082, -1.8133, -0.3744, -1.4033,  0.0729,
        -1.3489, -1.2964, -1.0274, -0.9571], device='cuda:0')
Mean loss: 0.007558047771453857
MMD Mean loss: 0.007558047771453857
Avg loss 5267.9609375
Min loss 0.006810486316680908
Max loss 37144.62109375
Avg_accepted loss 0.009103424847126007
Min_accepted loss 0.006810486316680908
Max_accepted loss 0.013931572437286377
Rejected 7


ITERATION: 8
Number of samples reused: 5
Mean: tensor([-2.3773, -2.7393, -1.8373, -2.4946, -1.8723, -0.4009, -1.5189,  0.0282,
        -1.3859, -1.2840, -1.0781, -0.8639], device='cuda:0')
Mean loss: 0.008397340774536133
MMD Mean loss: 0.008397340774536133
Avg loss 1957.39404296875
Min loss 0.006712198257446289
Max loss 22444.849609375
Avg_accepted loss 0.007875213399529457
Min_accepted loss 0.006712198257446289
Max_accepted loss 0.008988797664642334
Rejected 4


ITERATION: 9
Number of samples reused: 4
Mean: tensor([-2.4498, -2.7509, -1.8023, -2.4540, -1.8589, -0.3902, -1.5704,  0.0837,
        -1.3387, -1.2941, -0.9990, -0.8172], device='cuda:0')
Mean loss: 0.0077745914459228516
MMD Mean loss: 0.0077745914459228516
Avg loss 1562.2152099609375
Min loss 0.006617307662963867
Max loss 18895.90625
Avg_accepted loss 0.007750636897981167
Min_accepted loss 0.006617307662963867
Max_accepted loss 0.00910329818725586
Rejected 5


ITERATION: 10
Number of samples reused: 7
Mean: tensor([-2.5304, -2.8064, -1.7512, -2.4434, -1.9010, -0.4785, -1.6427,  0.0753,
        -1.3647, -1.2803, -0.9258, -0.7492], device='cuda:0')
Mean loss: 0.007747352123260498
MMD Mean loss: 0.007747352123260498
Avg loss 866.5761108398438
Min loss 0.006617307662963867
Max loss 9010.2080078125
Avg_accepted loss 0.007794052362442017
Min_accepted loss 0.006617307662963867
Max_accepted loss 0.009962081909179688
Rejected 3


ITERATION: 11
Number of samples reused: 4
Mean: tensor([-2.5141, -2.8288, -1.6878, -2.4370, -1.9365, -0.5572, -1.6532,  0.0856,
        -1.3257, -1.2674, -0.8844, -0.7346], device='cuda:0')
Mean loss: 0.007095038890838623
MMD Mean loss: 0.007095038890838623
Avg loss 1164.0574951171875
Min loss 0.0067217350006103516
Max loss 9548.3720703125
Avg_accepted loss 0.008092256262898445
Min_accepted loss 0.0067217350006103516
Max_accepted loss 0.009820163249969482
Rejected 5


ITERATION: 12
Number of samples reused: 12
Mean: tensor([-2.5411, -2.8144, -1.6779, -2.4374, -1.9571, -0.5688, -1.6022,  0.0347,
        -1.3623, -1.2249, -0.8835, -0.7138], device='cuda:0')
Mean loss: 0.007042884826660156
MMD Mean loss: 0.007042884826660156
Avg loss 262.1294250488281
Min loss 0.0067217350006103516
Max loss 6290.92431640625
Avg_accepted loss 0.007902869023382664
Min_accepted loss 0.0067217350006103516
Max_accepted loss 0.009820163249969482
Rejected 1


ITERATION: 13
Number of samples reused: 5
Mean: tensor([-2.5396, -2.7963, -1.6755, -2.4048, -1.9916, -0.5231, -1.6000,  0.0464,
        -1.3666, -1.2342, -0.8950, -0.6913], device='cuda:0')
Mean loss: 0.0075928568840026855
MMD Mean loss: 0.0075928568840026855
Avg loss 446.337158203125
Min loss 0.00656282901763916
Max loss 7611.68310546875
Avg_accepted loss 0.00791512057185173
Min_accepted loss 0.00656282901763916
Max_accepted loss 0.010666310787200928
Rejected 2


ITERATION: 14
Number of samples reused: 4
Mean: tensor([-2.5062, -2.7793, -1.7181, -2.4186, -1.9707, -0.5068, -1.5971,  0.0668,
        -1.3555, -1.2814, -0.8800, -0.7445], device='cuda:0')
Mean loss: 0.006781518459320068
MMD Mean loss: 0.006781518459320068
Avg loss 672.206787109375
Min loss 0.00656282901763916
Max loss 8521.103515625
Avg_accepted loss 0.007908674888312817
Min_accepted loss 0.00656282901763916
Max_accepted loss 0.010666310787200928
Rejected 1


ITERATION: 15
Number of samples reused: 11
Mean: tensor([-2.5382, -2.7975, -1.7316, -2.3685, -1.9412, -0.5079, -1.5884,  0.0405,
        -1.3648, -1.2946, -0.8886, -0.7429], device='cuda:0')
Mean loss: 0.00670313835144043
MMD Mean loss: 0.00670313835144043
Avg loss 1136.666015625
Min loss 0.006650745868682861
Max loss 8521.103515625
Avg_accepted loss 0.007824758067727089
Min_accepted loss 0.006650745868682861
Max_accepted loss 0.009018361568450928
Rejected 3


ITERATION: 16
Number of samples reused: 3
Mean: tensor([-2.5629, -2.8160, -1.6866, -2.3427, -1.9250, -0.5211, -1.5728,  0.0484,
        -1.4062, -1.2661, -0.9361, -0.7058], device='cuda:0')
Mean loss: 0.007605612277984619
MMD Mean loss: 0.007605612277984619
Avg loss 340.117919921875
Min loss 0.006650745868682861
Max loss 4421.7587890625
Avg_accepted loss 0.007755510043352842
Min_accepted loss 0.006650745868682861
Max_accepted loss 0.010085105895996094
Rejected 2


ITERATION: 17
Number of samples reused: 12
Mean: tensor([-2.5433, -2.8105, -1.6719, -2.3519, -1.9586, -0.4747, -1.5908,  0.0440,
        -1.4273, -1.2992, -0.9375, -0.6801], device='cuda:0')
Mean loss: 0.00830543041229248
MMD Mean loss: 0.00830543041229248
Avg loss 0.007656072732061148
Min loss 0.006438195705413818
Max loss 0.010085105895996094
Avg_accepted loss 0.007656072732061148
Min_accepted loss 0.006438195705413818
Max_accepted loss 0.010085105895996094
Rejected 0


ITERATION: 18
Number of samples reused: 7
Mean: tensor([-2.5271, -2.7875, -1.6751, -2.3082, -1.9846, -0.4321, -1.6062,  0.0140,
        -1.4443, -1.3261, -0.9175, -0.6557], device='cuda:0')
Mean loss: 0.008043169975280762
MMD Mean loss: 0.008043169975280762
Avg loss 166.27645874023438
Min loss 0.006412506103515625
Max loss 3990.45947265625
Avg_accepted loss 0.007622140925377607
Min_accepted loss 0.006412506103515625
Max_accepted loss 0.009572267532348633
Rejected 1


ITERATION: 19
Number of samples reused: 10
Mean: tensor([-2.4674e+00, -2.7721e+00, -1.6662e+00, -2.3272e+00, -1.9755e+00,
        -4.6541e-01, -1.6176e+00,  1.4860e-03, -1.4275e+00, -1.3219e+00,
        -9.3844e-01, -6.6490e-01], device='cuda:0')
Mean loss: 0.007947862148284912
MMD Mean loss: 0.007947862148284912
Avg loss 625.2171020507812
Min loss 0.006412506103515625
Max loss 7492.697265625
Avg_accepted loss 0.007535278797149658
Min_accepted loss 0.006412506103515625
Max_accepted loss 0.009227097034454346
Rejected 4


ITERATION: 20
Number of samples reused: 7
Mean: tensor([-2.4560, -2.7845, -1.6548, -2.3562, -1.9805, -0.4748, -1.5975, -0.0260,
        -1.4322, -1.3300, -0.9618, -0.6990], device='cuda:0')
Mean loss: 0.008761823177337646
MMD Mean loss: 0.008761823177337646
Avg loss 480.0987548828125
Min loss 0.00663304328918457
Max loss 7492.697265625
Avg_accepted loss 0.007594653870910406
Min_accepted loss 0.00663304328918457
Max_accepted loss 0.008987843990325928
Rejected 1


ITERATION: 21
Number of samples reused: 5
Mean: tensor([-2.4537, -2.7992, -1.6746, -2.3545, -2.0301, -0.4798, -1.5885, -0.0143,
        -1.4292, -1.3225, -0.9667, -0.6913], device='cuda:0')
Mean loss: 0.006785452365875244
MMD Mean loss: 0.006785452365875244
Avg loss 308.767333984375
Min loss 0.006662905216217041
Max loss 4458.12646484375
Avg_accepted loss 0.007714062929153442
Min_accepted loss 0.006662905216217041
Max_accepted loss 0.00914686918258667
Rejected 2


ITERATION: 22
Number of samples reused: 6
Mean: tensor([-2.4242, -2.7796, -1.6907, -2.3276, -2.0571, -0.4915, -1.5961, -0.0063,
        -1.4450, -1.3176, -0.9574, -0.6854], device='cuda:0')
Mean loss: 0.007323324680328369
MMD Mean loss: 0.007323324680328369
Avg loss 0.007425318472087383
Min loss 0.006446897983551025
Max loss 0.008317530155181885
Avg_accepted loss 0.007425318472087383
Min_accepted loss 0.006446897983551025
Max_accepted loss 0.008317530155181885
Rejected 0


ITERATION: 23
Number of samples reused: 9
Mean: tensor([-2.4116, -2.7633, -1.7196, -2.3216, -2.0687, -0.4592, -1.5652, -0.0308,
        -1.4444, -1.3498, -0.9716, -0.6551], device='cuda:0')
Mean loss: 0.0072661638259887695
MMD Mean loss: 0.0072661638259887695
Avg loss 0.007407829165458679
Min loss 0.0061643123626708984
Max loss 0.009451866149902344
Avg_accepted loss 0.007407829165458679
Min_accepted loss 0.0061643123626708984
Max_accepted loss 0.009451866149902344
Rejected 0


ITERATION: 24
Number of samples reused: 6
Mean: tensor([-2.3833, -2.7731, -1.7225, -2.3087, -2.0658, -0.4536, -1.5663, -0.0210,
        -1.4542, -1.3552, -0.9525, -0.6480], device='cuda:0')
Mean loss: 0.007203936576843262
MMD Mean loss: 0.007203936576843262
Avg loss 17.05419921875
Min loss 0.0061643123626708984
Max loss 409.12628173828125
Avg_accepted loss 0.007586321327835321
Min_accepted loss 0.0061643123626708984
Max_accepted loss 0.00875544548034668
Rejected 1


ITERATION: 25
Number of samples reused: 3
Mean: tensor([-2.3604, -2.7862, -1.7438, -2.3104, -2.0582, -0.4640, -1.5757, -0.0188,
        -1.4636, -1.3575, -0.9441, -0.6514], device='cuda:0')
Mean loss: 0.007536113262176514
MMD Mean loss: 0.007536113262176514
Avg loss 17.054189682006836
Min loss 0.00683516263961792
Max loss 409.12628173828125
Avg_accepted loss 0.007574998773634434
Min_accepted loss 0.00683516263961792
Max_accepted loss 0.008833467960357666
Rejected 0


ITERATION: 26
Number of samples reused: 8
Mean: tensor([-2.3484, -2.7631, -1.7463, -2.3145, -2.0826, -0.4492, -1.5586, -0.0391,
        -1.4493, -1.3638, -0.9391, -0.6309], device='cuda:0')
Mean loss: 0.0073236823081970215
MMD Mean loss: 0.0073236823081970215
Avg loss 0.007527433335781097
Min loss 0.006729006767272949
Max loss 0.008608341217041016
Avg_accepted loss 0.007527433335781097
Min_accepted loss 0.006729006767272949
Max_accepted loss 0.008608341217041016
Rejected 0


ITERATION: 27
Number of samples reused: 11
Mean: tensor([-2.3207, -2.7720, -1.7281, -2.3131, -2.0792, -0.4406, -1.5594, -0.0640,
        -1.4265, -1.3757, -0.9584, -0.6593], device='cuda:0')
Mean loss: 0.008248388767242432
MMD Mean loss: 0.008248388767242432
Avg loss 0.007726982235908508
Min loss 0.0062177181243896484
Max loss 0.00937873125076294
Avg_accepted loss 0.007726982235908508
Min_accepted loss 0.0062177181243896484
Max_accepted loss 0.00937873125076294
Rejected 0


ITERATION: 28
Number of samples reused: 6
Mean: tensor([-2.3275, -2.7969, -1.7263, -2.3095, -2.0512, -0.4247, -1.5434, -0.0709,
        -1.4012, -1.3696, -0.9845, -0.6756], device='cuda:0')
Mean loss: 0.0077416300773620605
MMD Mean loss: 0.0077416300773620605
Avg loss 0.007515110075473785
Min loss 0.0062177181243896484
Max loss 0.00937873125076294
Avg_accepted loss 0.007515110075473785
Min_accepted loss 0.0062177181243896484
Max_accepted loss 0.00937873125076294
Rejected 0


ITERATION: 29
Number of samples reused: 8
Mean: tensor([-2.3315, -2.8075, -1.7426, -2.3130, -2.0533, -0.4180, -1.5205, -0.0754,
        -1.4082, -1.3652, -0.9927, -0.6724], device='cuda:0')
Mean loss: 0.00789642333984375
MMD Mean loss: 0.00789642333984375
Avg loss 0.007235807832330465
Min loss 0.006159007549285889
Max loss 0.00851064920425415
Avg_accepted loss 0.007235807832330465
Min_accepted loss 0.006159007549285889
Max_accepted loss 0.00851064920425415
Rejected 0


ITERATION: 30
Number of samples reused: 7
Mean: tensor([-2.3206, -2.8232, -1.7624, -2.3288, -2.0526, -0.3879, -1.5458, -0.0741,
        -1.4050, -1.3826, -0.9928, -0.6621], device='cuda:0')
Mean loss: 0.006397843360900879
MMD Mean loss: 0.006397843360900879
Avg loss 326.8868713378906
Min loss 0.006159007549285889
Max loss 7845.11279296875
Avg_accepted loss 0.0074433195404708385
Min_accepted loss 0.006159007549285889
Max_accepted loss 0.010458827018737793
Rejected 1


ITERATION: 31
Number of samples reused: 6
Mean: tensor([-2.2990, -2.8099, -1.7705, -2.3358, -2.0513, -0.3727, -1.5474, -0.0664,
        -1.3908, -1.3987, -0.9858, -0.6523], device='cuda:0')
Mean loss: 0.007622361183166504
MMD Mean loss: 0.007622361183166504
Avg loss 224.08506774902344
Min loss 0.006470739841461182
Max loss 2707.11181640625
Avg_accepted loss 0.007698924746364355
Min_accepted loss 0.006470739841461182
Max_accepted loss 0.009376347064971924
Rejected 3


ITERATION: 32
Number of samples reused: 1
Mean: tensor([-2.2886, -2.8280, -1.7691, -2.3508, -2.0686, -0.3681, -1.5578, -0.0719,
        -1.3951, -1.3891, -0.9692, -0.6596], device='cuda:0')
Mean loss: 0.007054686546325684
MMD Mean loss: 0.007054686546325684
Avg loss 0.007684392388910055
Min loss 0.006590545177459717
Max loss 0.009203016757965088
Avg_accepted loss 0.007684392388910055
Min_accepted loss 0.006590545177459717
Max_accepted loss 0.009203016757965088
Rejected 0


ITERATION: 33
Number of samples reused: 20
Mean: tensor([-2.2828, -2.8162, -1.7736, -2.3271, -2.0799, -0.3698, -1.5320, -0.0945,
        -1.3931, -1.3982, -0.9472, -0.6691], device='cuda:0')
Mean loss: 0.006805539131164551
MMD Mean loss: 0.006805539131164551
Avg loss 23.95372772216797
Min loss 0.006590545177459717
Max loss 574.7139282226562
Avg_accepted loss 0.007632608059793711
Min_accepted loss 0.006590545177459717
Max_accepted loss 0.009203016757965088
Rejected 1


ITERATION: 34
Number of samples reused: 2
Mean: tensor([-2.2754, -2.8110, -1.7711, -2.3124, -2.0894, -0.3741, -1.5011, -0.1138,
        -1.3963, -1.3984, -0.9279, -0.6755], device='cuda:0')
Mean loss: 0.006224513053894043
MMD Mean loss: 0.006224513053894043
Avg loss 0.007361963391304016
Min loss 0.006238102912902832
Max loss 0.008486449718475342
Avg_accepted loss 0.007361963391304016
Min_accepted loss 0.006238102912902832
Max_accepted loss 0.008486449718475342
Rejected 0


ITERATION: 35
Number of samples reused: 6
Mean: tensor([-2.2883, -2.8078, -1.7617, -2.3156, -2.0965, -0.3864, -1.5033, -0.1083,
        -1.3995, -1.4171, -0.9376, -0.6844], device='cuda:0')
Mean loss: 0.007095754146575928
MMD Mean loss: 0.007095754146575928
Avg loss 0.007576450705528259
Min loss 0.006238102912902832
Max loss 0.00971764326095581
Avg_accepted loss 0.007576450705528259
Min_accepted loss 0.006238102912902832
Max_accepted loss 0.00971764326095581
Rejected 0


ITERATION: 36
Number of samples reused: 4
Mean: tensor([-2.3021, -2.8211, -1.7592, -2.3041, -2.1085, -0.3862, -1.4932, -0.0982,
        -1.4066, -1.4176, -0.9483, -0.6823], device='cuda:0')
Mean loss: 0.00807279348373413
MMD Mean loss: 0.00807279348373413
Avg loss 5.026590347290039
Min loss 0.006488442420959473
Max loss 120.46098327636719
Avg_accepted loss 0.007703371811658144
Min_accepted loss 0.006488442420959473
Max_accepted loss 0.00908273458480835
Rejected 1


ITERATION: 37
Number of samples reused: 7
Mean: tensor([-2.3148, -2.8330, -1.7609, -2.2815, -2.1205, -0.3965, -1.4854, -0.1074,
        -1.3890, -1.4185, -0.9421, -0.6786], device='cuda:0')
Mean loss: 0.008260369300842285
MMD Mean loss: 0.008260369300842285
Avg loss 0.0074427006766200066
Min loss 0.006488442420959473
Max loss 0.008132219314575195
Avg_accepted loss 0.0074427006766200066
Min_accepted loss 0.006488442420959473
Max_accepted loss 0.008132219314575195
Rejected 0


ITERATION: 38
Number of samples reused: 0
Mean: tensor([-2.3116, -2.8458, -1.7792, -2.2870, -2.1309, -0.4036, -1.4979, -0.1141,
        -1.3936, -1.4184, -0.9413, -0.6741], device='cuda:0')
Mean loss: 0.00725245475769043
MMD Mean loss: 0.00725245475769043
Avg loss 0.00769234960898757
Min loss 0.006643354892730713
Max loss 0.009114444255828857
Avg_accepted loss 0.00769234960898757
Min_accepted loss 0.006643354892730713
Max_accepted loss 0.009114444255828857
Rejected 0


ITERATION: 39
Number of samples reused: 7
Mean: tensor([-2.3101, -2.8387, -1.7894, -2.3001, -2.1260, -0.4278, -1.5065, -0.1212,
        -1.4093, -1.4252, -0.9484, -0.6801], device='cuda:0')
Mean loss: 0.008721590042114258
MMD Mean loss: 0.008721590042114258
Avg loss 0.007386369165033102
Min loss 0.006582736968994141
Max loss 0.008821547031402588
Avg_accepted loss 0.007386369165033102
Min_accepted loss 0.006582736968994141
Max_accepted loss 0.008821547031402588
Rejected 0


ITERATION: 40
Number of samples reused: 8
Mean: tensor([-2.3093, -2.8324, -1.7875, -2.2903, -2.1270, -0.4181, -1.4939, -0.1238,
        -1.4173, -1.4212, -0.9506, -0.6864], device='cuda:0')
Mean loss: 0.008646368980407715
MMD Mean loss: 0.008646368980407715
Avg loss 0.0074797398410737514
Min loss 0.006582736968994141
Max loss 0.009229898452758789
Avg_accepted loss 0.0074797398410737514
Min_accepted loss 0.006582736968994141
Max_accepted loss 0.009229898452758789
Rejected 0




Early stopping 0.007575643248856068

---------------------------------------------------


Final loss and MMD loss:
tensor(0.0076, device='cuda:0')
tensor(0.0076, device='cuda:0')
Final mean:
tensor([-2.3109, -2.8352, -1.7802, -2.2878, -2.1145, -0.4038, -1.4918, -0.1283,
        -1.4134, -1.4288, -0.9577, -0.6836], device='cuda:0')

Final covariance matrix:
tensor([[0.0008, 0.0000, 0.0000, 0.0000, 0.0000, 0.0000, 0.0000, 0.0000, 0.0000,
         0.0000, 0.0000, 0.0000],
        [0.0000, 0.0008, 0.0000, 0.0000, 0.0000, 0.0000, 0.0000, 0.0000, 0.0000,
         0.0000, 0.0000, 0.0000],
        [0.0000, 0.0000, 0.0008, 0.0000, 0.0000, 0.0000, 0.0000, 0.0000, 0.0000,
         0.0000, 0.0000, 0.0000],
        [0.0000, 0.0000, 0.0000, 0.0008, 0.0000, 0.0000, 0.0000, 0.0000, 0.0000,
         0.0000, 0.0000, 0.0000],
        [0.0000, 0.0000, 0.0000, 0.0000, 0.0008, 0.0000, 0.0000, 0.0000, 0.0000,
         0.0000, 0.0000, 0.0000],
        [0.0000, 0.0000, 0.0000, 0.0000, 0.0000, 0.0008, 0.0000, 0.0000, 0.0000,
         0.0000, 0.0000, 0.0000],
        [0.0000, 0.0000, 0.0000, 0.0000, 0.0000, 0.0000, 0.0008, 0.0000, 0.0000,
         0.0000, 0.0000, 0.0000],
        [0.0000, 0.0000, 0.0000, 0.0000, 0.0000, 0.0000, 0.0000, 0.0008, 0.0000,
         0.0000, 0.0000, 0.0000],
        [0.0000, 0.0000, 0.0000, 0.0000, 0.0000, 0.0000, 0.0000, 0.0000, 0.0008,
         0.0000, 0.0000, 0.0000],
        [0.0000, 0.0000, 0.0000, 0.0000, 0.0000, 0.0000, 0.0000, 0.0000, 0.0000,
         0.0008, 0.0000, 0.0000],
        [0.0000, 0.0000, 0.0000, 0.0000, 0.0000, 0.0000, 0.0000, 0.0000, 0.0000,
         0.0000, 0.0008, 0.0000],
        [0.0000, 0.0000, 0.0000, 0.0000, 0.0000, 0.0000, 0.0000, 0.0000, 0.0000,
         0.0000, 0.0000, 0.0008]], device='cuda:0')

time taken: 6494.61793088913
number of iterations: 41
average time per iter: 158.40531538753976
