#####Forward mode mouse v1 log file#####


Code ran on the 2024-05-20 11:58:46.926365

Run from xNES minima
Device: cuda:0
OS: linux
Machine: cblgpu07


Metadata:
learning rates: [1, 1, 1, 1, 1, 1, 1, 1, 1, 1, 1, 1, 1]

initial params: [tensor(-4.1387, device='cuda:0'), tensor(2.8489, device='cuda:0'), tensor(2.7230, device='cuda:0'), tensor(-1.3374, device='cuda:0'), tensor(2.9855, device='cuda:0'), tensor(-1.4363, device='cuda:0'), tensor(-1.1510, device='cuda:0'), tensor(-1.5264, device='cuda:0'), tensor(3.1088, device='cuda:0'), tensor(-2.3065, device='cuda:0'), tensor(1.3491, device='cuda:0'), tensor(0.9561, device='cuda:0'), tensor(-2.1778, device='cuda:0')]

----------------------------
0
loss: 0.2548638582229614
params: [-4.138543943248806, 2.7811635383882063, 2.723123486764962, -0.3696951608201442, 2.985468398640478, -2.4373912931583455, -1.1495506616774946, -0.5228616851861756, 3.1087657267805753, -3.5798012709416103, 1.349083900313417, 0.9883373474700573, -2.1766765469219536]
----------------------------


1
loss: 0.04010104760527611
params: [-4.2003823993002, 2.7822630392791385, 2.726875284225902, -0.38703530895912225, 2.9824462794408224, -2.408630945974571, -1.1030607080951709, -0.5411127775150725, 3.1086114369196642, -3.548578585310254, 1.3501774126407997, 0.9874549159725328, -2.1759485389338806]
----------------------------


2
loss: 0.03182060644030571
params: [-4.256731970550376, 2.7835376655465507, 2.7302809249133944, -0.4066020238117777, 2.9796894317735574, -2.377517709674255, -1.0612495403155493, -0.5617296997970551, 3.1084712543461723, -3.5147156268659505, 1.3511739109547927, 0.9864885297054922, -2.1752111959503964]
----------------------------


3
loss: 0.02401675283908844
params: [-4.308503326506627, 2.785011043676704, 2.733399007104463, -0.42873555269590335, 2.977150403260926, -2.3436024012977263, -1.023214443902163, -0.5850753977430758, 3.1083426781754233, -3.4776574588214526, 1.352092330833672, 0.9854230167975221, -2.174387796781957]
----------------------------


4
loss: 0.01626654341816902
params: [-4.356471797937653, 2.7867258003386923, 2.736282610832434, -0.4539336554545086, 2.974793228628331, -2.3061883994009156, -0.9883160469645649, -0.6116977963939991, 3.1082238599802507, -3.436763694018679, 1.3529439801048462, 0.9842409402455881, -2.173560628085397]
----------------------------


5
loss: 0.01173295360058546
params: [-4.353951101677618, 2.785757566540062, 2.736059582853643, -0.4513906773018759, 2.9749169369771686, -2.311328651812281, -0.990912340307796, -0.6089060526684609, 3.1082249930293187, -3.4414238487115076, 1.352965999844691, 0.9842236786873466, -2.17271388071822]
----------------------------


6
loss: 0.01163614634424448
params: [-4.351420202080286, 2.7847953716698357, 2.7358347614968195, -0.44882352341219, 2.975041755491619, -2.3163849999759156, -0.9935616645554095, -0.6060830481693831, 3.108226131061849, -3.445996392027097, 1.3529883601866637, 0.9842069002308629, -2.171828448830638]
----------------------------


7
loss: 0.01153458934277296
params: [-4.348847125910348, 2.7838326309281656, 2.735604057848407, -0.4462236260834258, 2.975167203099917, -2.321345794909056, -0.9962243730725735, -0.6032485579018232, 3.1082272774247826, -3.4505274272268585, 1.3530095871527188, 0.984191545897563, -2.170956964720972]
----------------------------


8
loss: 0.011491197161376476
params: [-4.346255856819576, 2.7828674097252333, 2.7353704861048143, -0.4436129361230057, 2.97529412050986, -2.326318863742407, -0.9989268227538108, -0.6003617135685619, 3.1082284269113756, -3.455073837631004, 1.3530313988492886, 0.9841765246066709, -2.1701013304991648]
----------------------------


9
loss: 0.011407044716179371
params: [-4.343649781096852, 2.7819005896160633, 2.7351335534799843, -0.4409565335909944, 2.975422439807661, -2.331231381707247, -1.0016801682824283, -0.5974756042816427, 3.108229587875678, -3.4595475285058788, 1.3530518139403462, 0.9841620982417292, -2.1692294438835233]
----------------------------


10
loss: 0.011982323601841927
params: [-4.389345236770673, 2.7837446228859473, 2.7378779880154807, -0.4676751852543522, 2.9731740513466196, -2.292085383712527, -0.9686438561433455, -0.6257203345119816, 3.1081165773058568, -3.4167290976082505, 1.3538626869199561, 0.9829231994375633, -2.1683604752179235]
----------------------------


11
loss: 0.012086573988199234
params: [-4.387008997328444, 2.782779193299589, 2.737673766931931, -0.46523906100033413, 2.973289009716142, -2.2973149229504433, -0.971047539638122, -0.6230988374844056, 3.108117617707314, -3.421501420791966, 1.3538862489881922, 0.9829028650205047, -2.167481729062274]
----------------------------


12
loss: 0.012026969343423843
params: [-4.38465400756882, 2.781814827400026, 2.737465811375824, -0.4628025379074235, 2.973404786776415, -2.302492173082408, -0.9734430570637336, -0.6204200573664022, 3.1081186694700658, -3.4262503132966877, 1.3539098992173877, 0.982883513723563, -2.166602525045164]
----------------------------


13
loss: 0.011934710666537285
params: [-4.382275906806676, 2.7808507915379006, 2.7372507253958074, -0.4603398118210454, 2.973521731496918, -2.3076346075825658, -0.9759155985915562, -0.6177268419813228, 3.108119724610908, -3.4309561624003173, 1.3539327817239155, 0.982865276368456, -2.1657133128028363]
----------------------------


14
loss: 0.011852658353745937
params: [-4.379889105163379, 2.779888367911567, 2.737032893833185, -0.45784904594025205, 2.97363997102501, -2.3127094867371287, -0.9783624668156257, -0.6150425768390161, 3.1081208016389676, -3.4355615502034844, 1.3539563256604652, 0.9828484463327087, -2.1648490204825066]
----------------------------


15
loss: 0.0117771802470088
params: [-4.377469142382829, 2.77893366413447, 2.7368129940796107, -0.45533556510186385, 2.973758122346668, -2.317746977015611, -0.9809050077123096, -0.6123034402660888, 3.108121880151891, -3.4401616364528955, 1.3539789020656372, 0.9828310010274337, -2.163957566022873]
----------------------------


16
loss: 0.011708514764904976
params: [-4.375026585483788, 2.7779725068740073, 2.736589987477583, -0.452786794122817, 2.9738776542812833, -2.3227467696845796, -0.983471977665787, -0.6095384110629422, 3.1081229653325475, -3.4446994721700968, 1.3540005068430674, 0.9828153536622168, -2.163091307913419]
----------------------------


17
loss: 0.01162848062813282
params: [-4.372603458069129, 2.7770105372092213, 2.7363633033009873, -0.45023759147575687, 2.9739986088911667, -2.32769913987371, -0.9860753241477063, -0.6067322397537392, 3.1081240714288536, -3.449201659187448, 1.3540226606224224, 0.9828005245075375, -2.162210399052128]
----------------------------


18
loss: 0.011563759297132492
params: [-4.370121160704507, 2.776044865886447, 2.736131767763237, -0.4476923441556711, 2.9741205783152385, -2.3325942779623237, -0.9887288754356554, -0.6039305585834992, 3.108125174783147, -3.4536716787887336, 1.3540439550529755, 0.9827854415601807, -2.1613373575964943]
----------------------------


19
loss: 0.011494268663227558
params: [-4.367615653850002, 2.7750815862582523, 2.735898031757625, -0.445111405993389, 2.974242433448568, -2.3374273326911297, -0.9914080432166805, -0.6010914200849694, 3.1081262814865407, -3.4581123342549027, 1.3540648825424342, 0.9827700689242094, -2.160478458972648]
----------------------------


20
loss: 0.011418277397751808
params: [-4.365108851525797, 2.7741136937311377, 2.735665503299043, -0.44249899913980256, 2.974366109448498, -2.3423020585172143, -0.994148678520461, -0.5982564820840818, 3.108127388811574, -3.462506464104873, 1.3540853028576294, 0.982755334189632, -2.1596312121255323]
----------------------------


21
loss: 0.011335409246385098
params: [-4.36255955621214, 2.773145269069587, 2.735429061073756, -0.4398643846665938, 2.974491163223762, -2.347075043405619, -0.9969304470827332, -0.5953377923395348, 3.10812851028448, -3.4668769127500774, 1.354105737691998, 0.9827439808363025, -2.158763511222787]
----------------------------


22
loss: 0.012014900334179401
params: [-4.4072797850337055, 2.774947912308371, 2.738107972148742, -0.4658942127832309, 2.972290405481108, -2.3087944001275122, -0.9647071567586414, -0.622782039794545, 3.108017966566187, -3.4250209785904655, 1.35489788604077, 0.981533622404611, -2.1579374745488167]
----------------------------


23
loss: 0.011981330811977386
params: [-4.404994993247482, 2.773988306631318, 2.737899415263842, -0.46346572141620374, 2.972402199834978, -2.3138399500715554, -0.9670832940599672, -0.6201606396245168, 3.1080189858284863, -3.429651855295516, 1.3549203130959981, 0.981515598409685, -2.157030967704486]
----------------------------


24
loss: 0.011906146071851254
params: [-4.402700372748467, 2.7730274132843897, 2.737685495270585, -0.4610284115885482, 2.9725149920500553, -2.3188443532529295, -0.969520695157235, -0.6175023832949208, 3.1080200082735625, -3.4342595015559265, 1.3549431917826482, 0.981497961703069, -2.1561323101632297]
----------------------------


25
loss: 0.011830063536763191
params: [-4.400392670892569, 2.772058757887671, 2.7374681602920696, -0.4585810313698933, 2.972629137025724, -2.323812367798668, -0.9719923845249019, -0.614802285436015, 3.108021043564342, -3.438778664721168, 1.3549654225998424, 0.9814809622939424, -2.1552546193124726]
----------------------------


26
loss: 0.011763077229261398
params: [-4.398052444458398, 2.7710956951994286, 2.7372467878555704, -0.4560908624668703, 2.9727439608336863, -2.328785536283535, -0.9744930424484215, -0.6120839480901467, 3.108022091452305, -3.4432367307972083, 1.3549863545330922, 0.9814646547192456, -2.1543696279404685]
----------------------------


27
loss: 0.011686544865369797
params: [-4.395696118716541, 2.770129410251493, 2.7370247467876703, -0.45358650858971333, 2.972859211463874, -2.333661645589304, -0.9770747633873276, -0.6093422145242201, 3.1080231363925956, -3.447685342086471, 1.3550084540847351, 0.9814484236912608, -2.1534900165861472]
----------------------------


28
loss: 0.011622813530266285
params: [-4.393322228230926, 2.7691647699610167, 2.7368009800954547, -0.4510471416403637, 2.972976151389521, -2.3384973755422056, -0.9796765571216843, -0.6066017058803098, 3.1080241933248014, -3.452074302630491, 1.3550291970431758, 0.9814344211071944, -2.1526276777731255]
----------------------------


29
loss: 0.011565657332539558
params: [-4.390921680732089, 2.7681996396784507, 2.7365732986470044, -0.4484885673270658, 2.9730945067435823, -2.3432468738722623, -0.9822718839849136, -0.603816988983597, 3.108025256825037, -3.4564752804953525, 1.3550492038893467, 0.9814193845549812, -2.1517690312466584]
----------------------------


30
loss: 0.011487730778753757
params: [-4.388487996077555, 2.7672330544371926, 2.736341360035754, -0.4459058747858838, 2.9732129483322933, -2.3480251156109393, -0.9849166002812586, -0.601032517257552, 3.1080263273066673, -3.460813910504795, 1.3550692488706304, 0.9814053103864058, -2.150926912378054]
----------------------------


31
loss: 0.011395389214158058
params: [-4.386039072657394, 2.766269827952592, 2.7361066644331964, -0.4433218895689682, 2.9733332283735945, -2.352770191090089, -0.9876200145798526, -0.5981451383451329, 3.1080274005477047, -3.4651192704122433, 1.355089333174827, 0.9813926354463252, -2.150080535095185]
----------------------------


Early stopping
32
loss: 0.011331053450703621
params: [-4.383590544816497, 2.765302855979635, 2.7358690319048997, -0.44074297656762457, 2.973453910695316, -2.3574359467568815, -0.9903155287018768, -0.5952429337086486, 3.1080284822638684, -3.4693982459511528, 1.3551097045264655, 0.9813807367272307, -2.149223431944847]
----------------------------


33
loss: 0.011335296556353569
params: [-4.427198679642421, 2.7671026718719856, 2.738472968098362, -0.4664420519231687, 2.9713055345595856, -2.3195488649451885, -0.9590158993745922, -0.6223985227834438, 3.1079207238750475, -3.428034638037851, 1.3558808548419061, 0.9801816649288575, -2.148362322303001]
----------------------------


34
loss: 0.011951491236686707
params: [-4.424979229913694, 2.766138496486097, 2.7382638821058247, -0.4640310812949071, 2.971415123403356, -2.3244948891022954, -0.9614239745209693, -0.6197549806520347, 3.107921699872684, -3.4325486784632706, 1.3559036754500435, 0.9801648929952698, -2.1474622535170056]
----------------------------


Early stopping
35
loss: 0.01188368909060955
params: [-4.42275326302242, 2.7651830076040693, 2.738051906568584, -0.46163367933806576, 2.971525041666107, -2.329392171561137, -0.9638903385861545, -0.6171012379772965, 3.1079226802502196, -3.4370427946391904, 1.355925648061692, 0.9801481326231787, -2.1465866129728965]
----------------------------


Early stopping
36
loss: 0.011825138702988625
params: [-4.420494689130825, 2.764216954846493, 2.737837612736625, -0.45919962634545364, 2.9716355672894204, -2.334301063887194, -0.9663516411459773, -0.614399249067903, 3.107923674661713, -3.441480951832553, 1.355947166837303, 0.9801330965620927, -2.145711145014502]
----------------------------


Early stopping
time taken: 37206.54936981201
number of iterations: 37
average time per iter: 1005.5824154003246
